#
# A fatal error has been detected by the Java Runtime Environment:
#
#  EXCEPTION_ACCESS_VIOLATION (0xc0000005) at pc=0x00007ffbfbeb507c, pid=16440, tid=0x00000000000016c4
#
# JRE version: Java(TM) SE Runtime Environment (8.0_321-b07) (build 1.8.0_321-b07)
# Java VM: Java HotSpot(TM) 64-Bit Server VM (25.321-b07 mixed mode windows-amd64 compressed oops)
# Problematic frame:
# C  [igxelpicd64.dll+0x28507c]
#
# Failed to write core dump. Minidumps are not enabled by default on client versions of Windows
#
# If you would like to submit a bug report, please visit:
#   http://bugreport.java.com/bugreport/crash.jsp
#

---------------  T H R E A D  ---------------

Current thread (0x000001fffdfbe000):  VMThread [stack: 0x000000ebdc300000,0x000000ebdc400000] [id=5828]

siginfo: ExceptionCode=0xc0000005, reading address 0x00000000000356f8

Registers:
RAX=0x000001ffabdee070, RBX=0x000001ff9ad8cd40, RCX=0x0000000000000000, RDX=0x0000000000000000
RSP=0x000000ebdc3febd0, RBP=0x0000000000000016, RSI=0x000001ff9a5ca440, RDI=0x0000000000000000
R8 =0x0000000000000014, R9 =0x0000000000000000, R10=0x0000000000000000, R11=0x0000000000000246
R12=0x000001ffabdee538, R13=0x0000000000000000, R14=0x000001ffabdedf70, R15=0x0000000000000000
RIP=0x00007ffbfbeb507c, EFLAGS=0x0000000000010202

Top of Stack: (sp=0x000000ebdc3febd0)
0x000000ebdc3febd0:   000001ff9ad8cd40 00007ffc848241a9
0x000000ebdc3febe0:   000000ebdc3fec68 0000000000000000
0x000000ebdc3febf0:   0000000000000054 000001ff9ad8cd40
0x000000ebdc3fec00:   0263d2b7024aa8b7 00007ffc853d2e44
0x000000ebdc3fec10:   00f31ab9027fc3b8 022ab9b901e430b9
0x000000ebdc3fec20:   01dd51bb026e3bba 000001ff9fb06b78
0x000000ebdc3fec30:   000000000000b79d 0000000000000000
0x000000ebdc3fec40:   0000000000000010 0000000000000000
0x000000ebdc3fec50:   0000000000000000 000000ebdc3fed70
0x000000ebdc3fec60:   000001ff9a5ca440 00007ffbfbe99bcc
0x000000ebdc3fec70:   000001ff00000016 000001ffabde8710
0x000000ebdc3fec80:   01e4dec201fd8b00 00a33ec3027cfd00
0x000000ebdc3fec90:   000000eb001c40c8 000074041c460000
0x000000ebdc3feca0:   0000000000000000 01c830c6021e22c6
0x000000ebdc3fecb0:   00c20bc7021933c6 01c790c700d75dc7
0x000000ebdc3fecc0:   02595cc80247e5c7 016e2cc90239b8c8 

Instructions: (pc=0x00007ffbfbeb507c)
0x00007ffbfbeb505c:   48 8d 04 c0 48 8d 40 20 49 8d 04 c6 48 85 c0 74
0x00007ffbfbeb506c:   0c 48 8b 48 08 eb 09 48 83 c0 08 eb ef 49 8b c9
0x00007ffbfbeb507c:   49 3b 8f f8 56 03 00 0f 86 84 01 00 00 83 fa 10
0x00007ffbfbeb508c:   73 0a 48 8d 42 04 48 8d 04 c2 eb 5c 8d 4a f0 8b 


Register to memory mapping:

RAX=0x000001ffabdee070 is an unknown value
RBX=0x000001ff9ad8cd40 is an unknown value
RCX=0x0000000000000000 is an unknown value
RDX=0x0000000000000000 is an unknown value
RSP=0x000000ebdc3febd0 is an unknown value
RBP=0x0000000000000016 is an unknown value
RSI=0x000001ff9a5ca440 is an unknown value
RDI=0x0000000000000000 is an unknown value
R8 =0x0000000000000014 is an unknown value
R9 =0x0000000000000000 is an unknown value
R10=0x0000000000000000 is an unknown value
R11=0x0000000000000246 is an unknown value
R12=0x000001ffabdee538 is an unknown value
R13=0x0000000000000000 is an unknown value
R14=0x000001ffabdedf70 is an unknown value
R15=0x0000000000000000 is an unknown value


Stack: [0x000000ebdc300000,0x000000ebdc400000],  sp=0x000000ebdc3febd0,  free space=1018k
Native frames: (J=compiled Java code, j=interpreted, Vv=VM code, C=native code)
C  [igxelpicd64.dll+0x28507c]
C  [igxelpicd64.dll+0x269bcc]
C  [igxelpicd64.dll+0x2a4f1f]
C  [igxelpicd64.dll+0x156319]
C  [igxelpicd64.dll+0x29fbfb]
C  [igxelpicd64.dll+0x29ff57]
C  [igxelpicd64.dll+0x29bcef]
C  [igxelpicd64.dll+0x29bb24]
C  [igxelpicd64.dll+0x78f53b]
C  [ntdll.dll+0x28ddf]
C  [ntdll.dll+0x51776]
C  [ntdll.dll+0x5136d]
C  [KERNEL32.DLL+0x182bb]
C  [ucrtbase.dll+0x1bac0]
C  [ucrtbase.dll+0x1bcd9]
V  [jvm.dll+0x20b125]
V  [jvm.dll+0x245fa6]
V  [jvm.dll+0x246507]
V  [jvm.dll+0x244c55]
V  [jvm.dll+0x2453ec]
V  [jvm.dll+0x2456fc]
V  [jvm.dll+0x292edc]
C  [ucrtbase.dll+0x29363]
C  [KERNEL32.DLL+0x126bd]
C  [ntdll.dll+0x5dfb8]

VM_Operation (0x000000ebdbafe120): Exit, mode: safepoint, requested by thread 0x000001fffa113000


---------------  P R O C E S S  ---------------

Java Threads: ( => current thread )
  0x000001ff999af000 JavaThread "Thread-12" [_thread_blocked, id=7660, stack(0x000000ebdd700000,0x000000ebdd800000)]
  0x000001ff999b1800 JavaThread "Thread-11" [_thread_blocked, id=12188, stack(0x000000ebdd600000,0x000000ebdd700000)]
  0x000001ff999ad800 JavaThread "Thread-10" [_thread_blocked, id=9092, stack(0x000000ebdd900000,0x000000ebdda00000)]
  0x000001ff999ad000 JavaThread "Thread-9" [_thread_blocked, id=8456, stack(0x000000ebdd800000,0x000000ebdd900000)]
  0x000001ffa9c11800 JavaThread "Thread-8" [_thread_blocked, id=17004, stack(0x000000ebdd500000,0x000000ebdd600000)]
  0x000001ffa9c14000 JavaThread "Immibis Core background task" daemon [_thread_blocked, id=5404, stack(0x000000ebdd400000,0x000000ebdd500000)]
  0x000001ff9fa61800 JavaThread "Java2D Disposer" daemon [_thread_blocked, id=5116, stack(0x000000ebdd100000,0x000000ebdd200000)]
  0x000001ff9ac2e000 JavaThread "Timer hack thread" daemon [_thread_blocked, id=4580, stack(0x000000ebdcf00000,0x000000ebdd000000)]
  0x000001ff98157000 JavaThread "Snooper Timer" daemon [_thread_blocked, id=15656, stack(0x000000ebdce00000,0x000000ebdcf00000)]
  0x000001ff97083800 JavaThread "Service Thread" daemon [_thread_blocked, id=7940, stack(0x000000ebdcc00000,0x000000ebdcd00000)]
  0x000001fffe07f800 JavaThread "C1 CompilerThread3" daemon [_thread_blocked, id=10464, stack(0x000000ebdcb00000,0x000000ebdcc00000)]
  0x000001fffe07b000 JavaThread "C2 CompilerThread2" daemon [_thread_blocked, id=15576, stack(0x000000ebdca00000,0x000000ebdcb00000)]
  0x000001fffe078000 JavaThread "C2 CompilerThread1" daemon [_thread_blocked, id=15272, stack(0x000000ebdc900000,0x000000ebdca00000)]
  0x000001fffe028800 JavaThread "C2 CompilerThread0" daemon [_thread_blocked, id=11840, stack(0x000000ebdc800000,0x000000ebdc900000)]
  0x000001fffe025800 JavaThread "Attach Listener" daemon [_thread_blocked, id=12880, stack(0x000000ebdc700000,0x000000ebdc800000)]
  0x000001fffe076000 JavaThread "Signal Dispatcher" daemon [_thread_blocked, id=15488, stack(0x000000ebdc600000,0x000000ebdc700000)]
  0x000001fffdfec000 JavaThread "Finalizer" daemon [_thread_blocked, id=8296, stack(0x000000ebdc500000,0x000000ebdc600000)]
  0x000001fffdfc5800 JavaThread "Reference Handler" daemon [_thread_blocked, id=13652, stack(0x000000ebdc400000,0x000000ebdc500000)]
  0x000001fffa113000 JavaThread "Client thread" [_thread_blocked, id=10276, stack(0x000000ebdba00000,0x000000ebdbb00000)]

Other Threads:
=>0x000001fffdfbe000 VMThread [stack: 0x000000ebdc300000,0x000000ebdc400000] [id=5828]

VM state:at safepoint (shutting down)

VM Mutex/Monitor currently owned by a thread:  ([mutex/lock_event])
[0x000001fffa10e9a0] Threads_lock - owner thread: 0x000001fffdfbe000

heap address: 0x00000006c0000000, size: 4096 MB, Compressed Oops mode: Zero based, Oop shift amount: 3
Narrow klass base: 0x0000000000000000, Narrow klass shift: 3
Compressed class space size: 1073741824 Address: 0x00000007c0000000

Heap:
 PSYoungGen      total 1202688K, used 311923K [0x000000076ab00000, 0x00000007c0000000, 0x00000007c0000000)
  eden space 1141248K, 22% used [0x000000076ab00000,0x000000077a7f8f48,0x00000007b0580000)
  from space 61440K, 86% used [0x00000007b0580000,0x00000007b3923ff0,0x00000007b4180000)
  to   space 66560K, 0% used [0x00000007bbf00000,0x00000007bbf00000,0x00000007c0000000)
 ParOldGen       total 359424K, used 166970K [0x00000006c0000000, 0x00000006d5f00000, 0x000000076ab00000)
  object space 359424K, 46% used [0x00000006c0000000,0x00000006ca30eb50,0x00000006d5f00000)
 Metaspace       used 48231K, capacity 48733K, committed 49368K, reserved 1091584K
  class space    used 6619K, capacity 6789K, committed 6912K, reserved 1048576K

Card table byte_map: [0x000001fffc020000,0x000001fffc830000] byte_map_base: 0x000001fff8a20000

Marking Bits: (ParMarkBitMap*) 0x0000000069649030
 Begin Bits: [0x000001ff8f000000, 0x000001ff93000000)
 End Bits:   [0x000001ff93000000, 0x000001ff97000000)

Polling page: 0x000001fffa370000

CodeCache: size=245760Kb used=19556Kb max_used=19610Kb free=226203Kb
 bounds [0x000001ff80000000, 0x000001ff81350000, 0x000001ff8f000000]
 total_blobs=5631 nmethods=4817 adapters=725
 compilation: enabled

Compilation events (10 events):
Event: 21.063 Thread 0x000001fffe07f800 nmethod 6610 0x000001ff80942810 code [0x000001ff80942fc0, 0x000001ff80948550]
Event: 21.063 Thread 0x000001fffe078000 nmethod 6608 0x000001ff80a87190 code [0x000001ff80a87300, 0x000001ff80a87788]
Event: 21.064 Thread 0x000001fffe07f800 6614       3       org.apache.logging.log4j.core.helpers.NameUtil::getSubName (32 bytes)
Event: 21.064 Thread 0x000001fffe07f800 nmethod 6614 0x000001ff80a88910 code [0x000001ff80a88aa0, 0x000001ff80a89040]
Event: 21.064 Thread 0x000001fffe07f800 6613       1       org.apache.logging.log4j.core.config.LoggerConfig::getLevel (5 bytes)
Event: 21.064 Thread 0x000001fffe07f800 nmethod 6613 0x000001ff80a86e50 code [0x000001ff80a86fa0, 0x000001ff80a870b8]
Event: 21.065 Thread 0x000001fffe07f800 6611       3       java.util.concurrent.locks.AbstractQueuedSynchronizer::<init> (5 bytes)
Event: 21.065 Thread 0x000001fffe07f800 nmethod 6611 0x000001ff801345d0 code [0x000001ff80134740, 0x000001ff80134958]
Event: 21.065 Thread 0x000001fffe07f800 6612       3       java.util.concurrent.locks.AbstractOwnableSynchronizer::<init> (5 bytes)
Event: 21.065 Thread 0x000001fffe07f800 nmethod 6612 0x000001ff80a88550 code [0x000001ff80a886a0, 0x000001ff80a88858]

GC Heap History (10 events):
Event: 10.918 GC heap before
{Heap before GC invocations=14 (full 2):
 PSYoungGen      total 766464K, used 739370K [0x000000076ab00000, 0x00000007ab000000, 0x00000007c0000000)
  eden space 702464K, 100% used [0x000000076ab00000,0x0000000795900000,0x0000000795900000)
  from space 64000K, 57% used [0x0000000795900000,0x0000000797d0aad8,0x0000000799780000)
  to   space 63488K, 0% used [0x00000007a7200000,0x00000007a7200000,0x00000007ab000000)
 ParOldGen       total 289280K, used 151014K [0x00000006c0000000, 0x00000006d1a80000, 0x000000076ab00000)
  object space 289280K, 52% used [0x00000006c0000000,0x00000006c9379b88,0x00000006d1a80000)
 Metaspace       used 35415K, capacity 35821K, committed 36352K, reserved 1081344K
  class space    used 4704K, capacity 4847K, committed 4864K, reserved 1048576K
Event: 10.939 GC heap after
Heap after GC invocations=14 (full 2):
 PSYoungGen      total 955392K, used 23567K [0x000000076ab00000, 0x00000007a9d00000, 0x00000007c0000000)
  eden space 911360K, 0% used [0x000000076ab00000,0x000000076ab00000,0x00000007a2500000)
  from space 44032K, 53% used [0x00000007a7200000,0x00000007a8903df8,0x00000007a9d00000)
  to   space 61440K, 0% used [0x00000007a2500000,0x00000007a2500000,0x00000007a6100000)
 ParOldGen       total 289280K, used 176344K [0x00000006c0000000, 0x00000006d1a80000, 0x000000076ab00000)
  object space 289280K, 60% used [0x00000006c0000000,0x00000006cac363a0,0x00000006d1a80000)
 Metaspace       used 35415K, capacity 35821K, committed 36352K, reserved 1081344K
  class space    used 4704K, capacity 4847K, committed 4864K, reserved 1048576K
}
Event: 12.799 GC heap before
{Heap before GC invocations=15 (full 2):
 PSYoungGen      total 955392K, used 934927K [0x000000076ab00000, 0x00000007a9d00000, 0x00000007c0000000)
  eden space 911360K, 100% used [0x000000076ab00000,0x00000007a2500000,0x00000007a2500000)
  from space 44032K, 53% used [0x00000007a7200000,0x00000007a8903df8,0x00000007a9d00000)
  to   space 61440K, 0% used [0x00000007a2500000,0x00000007a2500000,0x00000007a6100000)
 ParOldGen       total 289280K, used 176344K [0x00000006c0000000, 0x00000006d1a80000, 0x000000076ab00000)
  object space 289280K, 60% used [0x00000006c0000000,0x00000006cac363a0,0x00000006d1a80000)
 Metaspace       used 40893K, capacity 41261K, committed 41728K, reserved 1085440K
  class space    used 5504K, capacity 5629K, committed 5632K, reserved 1048576K
Event: 12.819 GC heap after
Heap after GC invocations=15 (full 2):
 PSYoungGen      total 972800K, used 31047K [0x000000076ab00000, 0x00000007b8680000, 0x00000007c0000000)
  eden space 911360K, 0% used [0x000000076ab00000,0x000000076ab00000,0x00000007a2500000)
  from space 61440K, 50% used [0x00000007a2500000,0x00000007a4351cd0,0x00000007a6100000)
  to   space 58880K, 0% used [0x00000007b4d00000,0x00000007b4d00000,0x00000007b8680000)
 ParOldGen       total 289280K, used 193246K [0x00000006c0000000, 0x00000006d1a80000, 0x000000076ab00000)
  object space 289280K, 66% used [0x00000006c0000000,0x00000006cbcb7a60,0x00000006d1a80000)
 Metaspace       used 40893K, capacity 41261K, committed 41728K, reserved 1085440K
  class space    used 5504K, capacity 5629K, committed 5632K, reserved 1048576K
}
Event: 14.312 GC heap before
{Heap before GC invocations=16 (full 2):
 PSYoungGen      total 972800K, used 893412K [0x000000076ab00000, 0x00000007b8680000, 0x00000007c0000000)
  eden space 911360K, 94% used [0x000000076ab00000,0x000000079f5273a0,0x00000007a2500000)
  from space 61440K, 50% used [0x00000007a2500000,0x00000007a4351cd0,0x00000007a6100000)
  to   space 58880K, 0% used [0x00000007b4d00000,0x00000007b4d00000,0x00000007b8680000)
 ParOldGen       total 289280K, used 193246K [0x00000006c0000000, 0x00000006d1a80000, 0x000000076ab00000)
  object space 289280K, 66% used [0x00000006c0000000,0x00000006cbcb7a60,0x00000006d1a80000)
 Metaspace       used 45901K, capacity 46315K, committed 46936K, reserved 1089536K
  class space    used 6367K, capacity 6498K, committed 6528K, reserved 1048576K
Event: 14.337 GC heap after
Heap after GC invocations=16 (full 2):
 PSYoungGen      total 1190912K, used 45372K [0x000000076ab00000, 0x00000007b7d80000, 0x00000007c0000000)
  eden space 1141248K, 0% used [0x000000076ab00000,0x000000076ab00000,0x00000007b0580000)
  from space 49664K, 91% used [0x00000007b4d00000,0x00000007b794f280,0x00000007b7d80000)
  to   space 61440K, 0% used [0x00000007b0580000,0x00000007b0580000,0x00000007b4180000)
 ParOldGen       total 289280K, used 193254K [0x00000006c0000000, 0x00000006d1a80000, 0x000000076ab00000)
  object space 289280K, 66% used [0x00000006c0000000,0x00000006cbcb9a60,0x00000006d1a80000)
 Metaspace       used 45901K, capacity 46315K, committed 46936K, reserved 1089536K
  class space    used 6367K, capacity 6498K, committed 6528K, reserved 1048576K
}
Event: 14.337 GC heap before
{Heap before GC invocations=17 (full 3):
 PSYoungGen      total 1190912K, used 45372K [0x000000076ab00000, 0x00000007b7d80000, 0x00000007c0000000)
  eden space 1141248K, 0% used [0x000000076ab00000,0x000000076ab00000,0x00000007b0580000)
  from space 49664K, 91% used [0x00000007b4d00000,0x00000007b794f280,0x00000007b7d80000)
  to   space 61440K, 0% used [0x00000007b0580000,0x00000007b0580000,0x00000007b4180000)
 ParOldGen       total 289280K, used 193254K [0x00000006c0000000, 0x00000006d1a80000, 0x000000076ab00000)
  object space 289280K, 66% used [0x00000006c0000000,0x00000006cbcb9a60,0x00000006d1a80000)
 Metaspace       used 45901K, capacity 46315K, committed 46936K, reserved 1089536K
  class space    used 6367K, capacity 6498K, committed 6528K, reserved 1048576K
Event: 14.604 GC heap after
Heap after GC invocations=17 (full 3):
 PSYoungGen      total 1190912K, used 0K [0x000000076ab00000, 0x00000007b7d80000, 0x00000007c0000000)
  eden space 1141248K, 0% used [0x000000076ab00000,0x000000076ab00000,0x00000007b0580000)
  from space 49664K, 0% used [0x00000007b4d00000,0x00000007b4d00000,0x00000007b7d80000)
  to   space 61440K, 0% used [0x00000007b0580000,0x00000007b0580000,0x00000007b4180000)
 ParOldGen       total 359424K, used 166962K [0x00000006c0000000, 0x00000006d5f00000, 0x000000076ab00000)
  object space 359424K, 46% used [0x00000006c0000000,0x00000006ca30cb50,0x00000006d5f00000)
 Metaspace       used 45901K, capacity 46315K, committed 46936K, reserved 1089536K
  class space    used 6367K, capacity 6498K, committed 6528K, reserved 1048576K
}
Event: 19.584 GC heap before
{Heap before GC invocations=18 (full 3):
 PSYoungGen      total 1190912K, used 1141248K [0x000000076ab00000, 0x00000007b7d80000, 0x00000007c0000000)
  eden space 1141248K, 100% used [0x000000076ab00000,0x00000007b0580000,0x00000007b0580000)
  from space 49664K, 0% used [0x00000007b4d00000,0x00000007b4d00000,0x00000007b7d80000)
  to   space 61440K, 0% used [0x00000007b0580000,0x00000007b0580000,0x00000007b4180000)
 ParOldGen       total 359424K, used 166962K [0x00000006c0000000, 0x00000006d5f00000, 0x000000076ab00000)
  object space 359424K, 46% used [0x00000006c0000000,0x00000006ca30cb50,0x00000006d5f00000)
 Metaspace       used 46603K, capacity 47057K, committed 47576K, reserved 1089536K
  class space    used 6408K, capacity 6595K, committed 6656K, reserved 1048576K
Event: 19.606 GC heap after
Heap after GC invocations=18 (full 3):
 PSYoungGen      total 1202688K, used 52879K [0x000000076ab00000, 0x00000007c0000000, 0x00000007c0000000)
  eden space 1141248K, 0% used [0x000000076ab00000,0x000000076ab00000,0x00000007b0580000)
  from space 61440K, 86% used [0x00000007b0580000,0x00000007b3923ff0,0x00000007b4180000)
  to   space 66560K, 0% used [0x00000007bbf00000,0x00000007bbf00000,0x00000007c0000000)
 ParOldGen       total 359424K, used 166970K [0x00000006c0000000, 0x00000006d5f00000, 0x000000076ab00000)
  object space 359424K, 46% used [0x00000006c0000000,0x00000006ca30eb50,0x00000006d5f00000)
 Metaspace       used 46603K, capacity 47057K, committed 47576K, reserved 1089536K
  class space    used 6408K, capacity 6595K, committed 6656K, reserved 1048576K
}

Deoptimization events (10 events):
Event: 19.825 Thread 0x000001fffa113000 Uncommon trap: reason=unstable_if action=reinterpret pc=0x000001ff8101c018 method=org.objectweb.asm.ClassWriter.toByteArray()[B @ 106
Event: 19.825 Thread 0x000001fffa113000 Uncommon trap: reason=unstable_if action=reinterpret pc=0x000001ff810ce64c method=mmmlibx.lib.multiModel.MMMLoader.MMMTransformer.replacer(Ljava/lang/String;Ljava/lang/String;[B)[B @ 397
Event: 19.826 Thread 0x000001fffa113000 Uncommon trap: reason=unstable_if action=reinterpret pc=0x000001ff809c5a18 method=org.objectweb.asm.commons.Remapper.mapValue(Ljava/lang/Object;)Ljava/lang/Object; @ 20
Event: 19.826 Thread 0x000001fffa113000 Uncommon trap: reason=class_check action=maybe_recompile pc=0x000001ff80df2cdc method=org.objectweb.asm.ClassWriter.a(Ljava/lang/Object;)Lorg/objectweb/asm/Item; @ 193
Event: 19.826 Thread 0x000001fffa113000 Uncommon trap: reason=class_check action=maybe_recompile pc=0x000001ff80df2cdc method=org.objectweb.asm.ClassWriter.a(Ljava/lang/Object;)Lorg/objectweb/asm/Item; @ 193
Event: 19.828 Thread 0x000001fffa113000 Uncommon trap: reason=class_check action=maybe_recompile pc=0x000001ff80df2cdc method=org.objectweb.asm.ClassWriter.a(Ljava/lang/Object;)Lorg/objectweb/asm/Item; @ 193
Event: 20.047 Thread 0x000001fffa113000 Uncommon trap: reason=class_check action=maybe_recompile pc=0x000001ff80c08fb8 method=com.google.common.collect.AbstractMapBasedMultimap$Itr.next()Ljava/lang/Object; @ 42
Event: 20.050 Thread 0x000001fffa113000 Uncommon trap: reason=class_check action=maybe_recompile pc=0x000001ff8023f9f8 method=com.google.common.collect.AbstractMapBasedMultimap$Itr.hasNext()Z @ 16
Event: 20.051 Thread 0x000001fffa113000 Uncommon trap: reason=null_check action=maybe_recompile pc=0x000001ff80ff5c04 method=java.util.Properties$LineReader.readLine()I @ 48
Event: 21.059 Thread 0x000001fffa113000 Uncommon trap: reason=unstable_if action=reinterpret pc=0x000001ff807943d8 method=cpw.mods.fml.relauncher.FMLSecurityManager.checkPermission(Ljava/security/Permission;)V @ 23

Classes redefined (0 events):
No events

Internal exceptions (10 events):
Event: 20.057 Thread 0x000001ff999b2000 Exception <a 'java/security/PrivilegedActionException'> (0x0000000778b5ddb8) thrown at [C:\jenkins\workspace\8-2-build-windows-amd64-cygwin\jdk8u321\2141\hotspot\src\share\vm\prims\jvm.cpp, line 1523]
Event: 20.057 Thread 0x000001ff999b2000 Exception <a 'java/security/PrivilegedActionException'> (0x0000000778b60078) thrown at [C:\jenkins\workspace\8-2-build-windows-amd64-cygwin\jdk8u321\2141\hotspot\src\share\vm\prims\jvm.cpp, line 1523]
Event: 20.058 Thread 0x000001ff999b2000 Exception <a 'java/security/PrivilegedActionException'> (0x0000000778b60308) thrown at [C:\jenkins\workspace\8-2-build-windows-amd64-cygwin\jdk8u321\2141\hotspot\src\share\vm\prims\jvm.cpp, line 1523]
Event: 21.057 Thread 0x000001fffa113000 Exception <a 'java/io/IOException'> (0x0000000777efc760) thrown at [C:\jenkins\workspace\8-2-build-windows-amd64-cygwin\jdk8u321\2141\hotspot\src\share\vm\prims\jni.cpp, line 710]
Event: 21.057 Thread 0x000001fffa113000 Exception <a 'java/io/IOException'> (0x0000000777efc9e8) thrown at [C:\jenkins\workspace\8-2-build-windows-amd64-cygwin\jdk8u321\2141\hotspot\src\share\vm\prims\jni.cpp, line 710]
Event: 21.059 Thread 0x000001fffa113000 Exception <a 'java/io/IOException'> (0x0000000777f305c8) thrown at [C:\jenkins\workspace\8-2-build-windows-amd64-cygwin\jdk8u321\2141\hotspot\src\share\vm\prims\jni.cpp, line 710]
Event: 21.059 Thread 0x000001fffa113000 Exception <a 'java/io/IOException'> (0x0000000777f30850) thrown at [C:\jenkins\workspace\8-2-build-windows-amd64-cygwin\jdk8u321\2141\hotspot\src\share\vm\prims\jni.cpp, line 710]
Event: 21.061 Thread 0x000001ff999b7800 Exception <a 'java/io/IOException'> (0x000000077a383da8) thrown at [C:\jenkins\workspace\8-2-build-windows-amd64-cygwin\jdk8u321\2141\hotspot\src\share\vm\prims\jni.cpp, line 710]
Event: 21.061 Thread 0x000001ff999b2000 Exception <a 'java/io/IOException'> (0x0000000779aa2200) thrown at [C:\jenkins\workspace\8-2-build-windows-amd64-cygwin\jdk8u321\2141\hotspot\src\share\vm\prims\jni.cpp, line 710]
Event: 21.061 Thread 0x000001ff999b2000 Exception <a 'java/io/IOException'> (0x0000000779aa24c8) thrown at [C:\jenkins\workspace\8-2-build-windows-amd64-cygwin\jdk8u321\2141\hotspot\src\share\vm\prims\jni.cpp, line 710]

Events (10 events):
Event: 21.061 loading class javax/servlet/ServletContext
Event: 21.061 loading class javax/servlet/ServletContext done
Event: 21.061 loading class javax/servlet/ServletContext
Event: 21.061 loading class javax/servlet/ServletContext done
Event: 21.061 Thread 0x000001ff999b7800 Thread exited: 0x000001ff999b7800
Event: 21.061 Thread 0x000001ff999b6000 Thread exited: 0x000001ff999b6000
Event: 21.061 Thread 0x000001ff999b2000 Thread exited: 0x000001ff999b2000
Event: 21.065 Thread 0x000001fffe07f800 flushing nmethod 0x000001ff804ff210
Event: 21.080 Thread 0x000001ff999b8000 Thread exited: 0x000001ff999b8000
Event: 21.081 Executing VM operation: Exit


Dynamic libraries:
0x00007ff7c0020000 - 0x00007ff7c0067000 	C:\Program Files\Java\jre1.8.0_321\bin\javaw.exe
0x00007ffc85330000 - 0x00007ffc85544000 	C:\WINDOWS\SYSTEM32\ntdll.dll
0x00007ffc83220000 - 0x00007ffc832e3000 	C:\WINDOWS\System32\KERNEL32.DLL
0x00007ffc82750000 - 0x00007ffc82aed000 	C:\WINDOWS\System32\KERNELBASE.dll
0x00007ffc84710000 - 0x00007ffc847be000 	C:\WINDOWS\System32\ADVAPI32.dll
0x00007ffc83600000 - 0x00007ffc836a7000 	C:\WINDOWS\System32\msvcrt.dll
0x00007ffc84a70000 - 0x00007ffc84b14000 	C:\WINDOWS\System32\sechost.dll
0x00007ffc837b0000 - 0x00007ffc838c5000 	C:\WINDOWS\System32\RPCRT4.dll
0x00007ffc84820000 - 0x00007ffc849cd000 	C:\WINDOWS\System32\USER32.dll
0x00007ffc82c10000 - 0x00007ffc82c36000 	C:\WINDOWS\System32\win32u.dll
0x00007ffc835d0000 - 0x00007ffc835f9000 	C:\WINDOWS\System32\GDI32.dll
0x00007ffc83000000 - 0x00007ffc83112000 	C:\WINDOWS\System32\gdi32full.dll
0x00007ffc82ee0000 - 0x00007ffc82f7a000 	C:\WINDOWS\System32\msvcp_win.dll
0x00007ffc82af0000 - 0x00007ffc82c01000 	C:\WINDOWS\System32\ucrtbase.dll
0x00007ffc67990000 - 0x00007ffc67c1e000 	C:\WINDOWS\WinSxS\amd64_microsoft.windows.common-controls_6595b64144ccf1df_6.0.22621.608_none_a9444ca7c10bb01d\COMCTL32.dll
0x00007ffc85160000 - 0x00007ffc85192000 	C:\WINDOWS\System32\IMM32.DLL
0x00007ffc7d520000 - 0x00007ffc7d535000 	C:\Program Files\Java\jre1.8.0_321\bin\vcruntime140.dll
0x00007ffc37c70000 - 0x00007ffc37d0b000 	C:\Program Files\Java\jre1.8.0_321\bin\msvcp140.dll
0x0000000068e60000 - 0x00000000696c1000 	C:\Program Files\Java\jre1.8.0_321\bin\server\jvm.dll
0x00007ffc846d0000 - 0x00007ffc846d8000 	C:\WINDOWS\System32\PSAPI.DLL
0x00007ffc7abc0000 - 0x00007ffc7abf4000 	C:\WINDOWS\SYSTEM32\WINMM.dll
0x00007ffc6b390000 - 0x00007ffc6b399000 	C:\WINDOWS\SYSTEM32\WSOCK32.dll
0x00007ffc75fe0000 - 0x00007ffc75fea000 	C:\WINDOWS\SYSTEM32\VERSION.dll
0x00007ffc84650000 - 0x00007ffc846c1000 	C:\WINDOWS\System32\WS2_32.dll
0x00007ffc817a0000 - 0x00007ffc817b8000 	C:\WINDOWS\SYSTEM32\kernel.appcore.dll
0x00007ffc7e8a0000 - 0x00007ffc7e8b0000 	C:\Program Files\Java\jre1.8.0_321\bin\verify.dll
0x00007ffc7d4f0000 - 0x00007ffc7d51b000 	C:\Program Files\Java\jre1.8.0_321\bin\java.dll
0x00007ffc7d4d0000 - 0x00007ffc7d4e8000 	C:\Program Files\Java\jre1.8.0_321\bin\zip.dll
0x00007ffc838e0000 - 0x00007ffc840cf000 	C:\WINDOWS\System32\SHELL32.dll
0x00007ffc80760000 - 0x00007ffc81028000 	C:\WINDOWS\SYSTEM32\windows.storage.dll
0x00007ffc840d0000 - 0x00007ffc8445a000 	C:\WINDOWS\System32\combase.dll
0x00007ffc804b0000 - 0x00007ffc805ee000 	C:\WINDOWS\SYSTEM32\wintypes.dll
0x00007ffc836b0000 - 0x00007ffc837a1000 	C:\WINDOWS\System32\SHCORE.dll
0x00007ffc831b0000 - 0x00007ffc8320e000 	C:\WINDOWS\System32\shlwapi.dll
0x00007ffc82680000 - 0x00007ffc826a1000 	C:\WINDOWS\SYSTEM32\profapi.dll
0x00007ffc7d4c0000 - 0x00007ffc7d4cd000 	C:\Program Files\Java\jre1.8.0_321\bin\management.dll
0x00007ffc7d4a0000 - 0x00007ffc7d4bc000 	C:\Program Files\Java\jre1.8.0_321\bin\net.dll
0x00007ffc81c80000 - 0x00007ffc81ce9000 	C:\WINDOWS\system32\mswsock.dll
0x00007ffc7c4c0000 - 0x00007ffc7c4d3000 	C:\Program Files\Java\jre1.8.0_321\bin\nio.dll
0x00007ffc56ea0000 - 0x00007ffc56eb7000 	C:\WINDOWS\system32\napinsp.dll
0x00007ffc55e20000 - 0x00007ffc55e3b000 	C:\WINDOWS\system32\pnrpnsp.dll
0x00007ffc812f0000 - 0x00007ffc813e2000 	C:\WINDOWS\SYSTEM32\DNSAPI.dll
0x00007ffc81280000 - 0x00007ffc812ad000 	C:\WINDOWS\SYSTEM32\IPHLPAPI.DLL
0x00007ffc846e0000 - 0x00007ffc846e9000 	C:\WINDOWS\System32\NSI.dll
0x00007ffc55e00000 - 0x00007ffc55e11000 	C:\WINDOWS\System32\winrnr.dll
0x00007ffc767f0000 - 0x00007ffc76805000 	C:\WINDOWS\system32\wshbth.dll
0x00007ffc55dd0000 - 0x00007ffc55df1000 	C:\WINDOWS\system32\nlansp_c.dll
0x00007ffc79dd0000 - 0x00007ffc79dda000 	C:\Windows\System32\rasadhlp.dll
0x00007ffc76580000 - 0x00007ffc76603000 	C:\WINDOWS\System32\fwpuclnt.dll
0x00007ffc7bda0000 - 0x00007ffc7bdb8000 	C:\Program Files\Java\jre1.8.0_321\bin\unpack.dll
0x0000000180000000 - 0x0000000180051000 	E:\Minecraft\minecraft 后大铁路时代\.minecraft\natives\lwjgl64.dll
0x00007ffc540a0000 - 0x00007ffc541a0000 	C:\WINDOWS\SYSTEM32\OPENGL32.dll
0x00007ffc54030000 - 0x00007ffc5405d000 	C:\WINDOWS\SYSTEM32\GLU32.dll
0x00007ffc7f9b0000 - 0x00007ffc7f9e6000 	C:\WINDOWS\SYSTEM32\dxcore.dll
0x00007ffc81ee0000 - 0x00007ffc81efb000 	C:\WINDOWS\SYSTEM32\CRYPTSP.dll
0x00007ffc81710000 - 0x00007ffc81745000 	C:\WINDOWS\system32\rsaenh.dll
0x00007ffc81d70000 - 0x00007ffc81d98000 	C:\WINDOWS\SYSTEM32\USERENV.dll
0x00007ffc82110000 - 0x00007ffc82138000 	C:\WINDOWS\SYSTEM32\bcrypt.dll
0x00007ffc82f80000 - 0x00007ffc82ffb000 	C:\WINDOWS\System32\bcryptprimitives.dll
0x00007ffc81ed0000 - 0x00007ffc81edc000 	C:\WINDOWS\SYSTEM32\CRYPTBASE.dll
0x00007ffc79ed0000 - 0x00007ffc79ee9000 	C:\WINDOWS\SYSTEM32\dhcpcsvc6.DLL
0x00007ffc79db0000 - 0x00007ffc79dcf000 	C:\WINDOWS\SYSTEM32\dhcpcsvc.DLL
0x00007ffc017c0000 - 0x00007ffc01955000 	C:\Program Files\Java\jre1.8.0_321\bin\awt.dll
0x00007ffc851a0000 - 0x00007ffc85277000 	C:\WINDOWS\System32\OLEAUT32.dll
0x00007ffc7f6e0000 - 0x00007ffc7f777000 	C:\WINDOWS\SYSTEM32\apphelp.dll
0x00007ffc7c080000 - 0x00007ffc7c13d000 	C:\WINDOWS\SYSTEM32\mscms.dll
0x00007ffc84b20000 - 0x00007ffc84bd7000 	C:\WINDOWS\System32\clbcatq.dll
0x00007ffc76690000 - 0x00007ffc766de000 	C:\Windows\System32\Windows.Internal.Graphics.Display.DisplayColorManagement.dll
0x00007ffc82400000 - 0x00007ffc8244e000 	C:\WINDOWS\SYSTEM32\cfgmgr32.dll
0x00007ffc7f8c0000 - 0x00007ffc7f96b000 	C:\WINDOWS\system32\uxtheme.dll
0x00007ffc832f0000 - 0x00007ffc8340e000 	C:\WINDOWS\System32\MSCTF.dll
0x00007ffc7b8b0000 - 0x00007ffc7b8f9000 	C:\WINDOWS\SYSTEM32\directxdatabasehelper.dll
0x00007ffc799b0000 - 0x00007ffc79ae6000 	C:\Windows\System32\AppXDeploymentClient.dll
0x00007ffbfbc30000 - 0x00007ffbfcc0f000 	C:\Windows\System32\DriverStore\FileRepository\iigd_dch.inf_amd64_b5a1843d43895afe\igxelpicd64.dll
0x00007ffc844b0000 - 0x00007ffc8464c000 	C:\WINDOWS\System32\ole32.dll
0x00007ffc7fb20000 - 0x00007ffc7fb4b000 	C:\WINDOWS\system32\dwmapi.dll
0x00007ffc7fa10000 - 0x00007ffc7fb07000 	C:\WINDOWS\system32\dxgi.dll
0x00007ffbfdfa0000 - 0x00007ffbfe43e000 	C:\Windows\System32\DriverStore\FileRepository\iigd_dch.inf_amd64_b5a1843d43895afe\igdml64.dll
0x00007ffc760a0000 - 0x00007ffc76461000 	C:\Windows\System32\DriverStore\FileRepository\iigd_dch.inf_amd64_b5a1843d43895afe\igdgmm64.dll
0x00007ffc6d6d0000 - 0x00007ffc6d7fd000 	C:\WINDOWS\SYSTEM32\textinputframework.dll
0x00007ffc7b9c0000 - 0x00007ffc7ba09000 	C:\WINDOWS\SYSTEM32\icm32.dll
0x00007ffc6dfa0000 - 0x00007ffc7125d000 	C:\Windows\System32\DriverStore\FileRepository\iigd_dch.inf_amd64_b5a1843d43895afe\igc64.dll
0x00007ffc81fd0000 - 0x00007ffc8201d000 	C:\WINDOWS\SYSTEM32\powrprof.dll
0x00007ffc81fb0000 - 0x00007ffc81fc3000 	C:\WINDOWS\SYSTEM32\UMPDC.dll
0x0000000070a40000 - 0x0000000070adc000 	E:\Minecraft\minecraft 后大铁路时代\.minecraft\natives\avutil-ttv-51.dll
0x0000000065980000 - 0x00000000659d6000 	E:\Minecraft\minecraft 后大铁路时代\.minecraft\natives\swresample-ttv-0.dll
0x000000006eb80000 - 0x000000006ec50000 	E:\Minecraft\minecraft 后大铁路时代\.minecraft\natives\libmp3lame-ttv.dll
0x00007ffbf88e0000 - 0x00007ffbf9c84000 	E:\Minecraft\minecraft 后大铁路时代\.minecraft\natives\libmfxsw64.dll
0x00007ffc2f150000 - 0x00007ffc2f27c000 	E:\Minecraft\minecraft 后大铁路时代\.minecraft\natives\twitchsdk.dll
0x00007ffc68da0000 - 0x00007ffc69294000 	C:\WINDOWS\SYSTEM32\WININET.dll
0x00007ffc7b970000 - 0x00007ffc7b994000 	C:\Program Files\Java\jre1.8.0_321\bin\sunec.dll
0x00007ffc7f2f0000 - 0x00007ffc7f423000 	C:\WINDOWS\SYSTEM32\CoreMessaging.dll
0x00007ffc7adf0000 - 0x00007ffc7b15c000 	C:\WINDOWS\SYSTEM32\CoreUIComponents.dll
0x000001ff9d960000 - 0x000001ff9d9c4000 	E:\Minecraft\minecraft 后大铁路时代\.minecraft\natives\OpenAL64.dll
0x00007ffc75570000 - 0x00007ffc7560d000 	C:\WINDOWS\System32\MMDevApi.dll
0x00007ffc82450000 - 0x00007ffc82483000 	C:\WINDOWS\System32\DEVOBJ.dll
0x00007ffc37b70000 - 0x00007ffc37c12000 	C:\WINDOWS\SYSTEM32\dsound.dll
0x00007ffc2da20000 - 0x00007ffc2dad1000 	C:\WINDOWS\SYSTEM32\ResampleDmo.DLL
0x00007ffc660a0000 - 0x00007ffc660c9000 	C:\WINDOWS\SYSTEM32\winmmbase.dll
0x00007ffc71dc0000 - 0x00007ffc71dcb000 	C:\WINDOWS\SYSTEM32\msdmo.dll
0x00007ffc72ba0000 - 0x00007ffc72d85000 	C:\WINDOWS\SYSTEM32\AUDIOSES.DLL
0x00007ffc7fe50000 - 0x00007ffc7fe65000 	C:\WINDOWS\SYSTEM32\resourcepolicyclient.dll
0x00007ffc80080000 - 0x00007ffc802ae000 	C:\WINDOWS\SYSTEM32\dbghelp.dll

VM Arguments:
jvm_args: -Xmx4096m -Dfml.ignoreInvalidMinecraftCertificates=true -Dfml.ignorePatchDiscrepancies=true -Djava.library.path=.minecraft\natives 
java_command: net.minecraft.launchwrapper.Launch --username selver --version 七国服务器-1.7.10 --gameDir .minecraft --assetsDir .minecraft\assets --assetIndex 1.7.10 --uuid ${auth_uuid} --accessToken ${auth_access_token} --userProperties {} --userType legacy --tweakClass cpw.mods.fml.common.launcher.FMLTweaker
java_class_path (initial): E:\Minecraft\minecraft 后大铁路时代\.minecraft\libraries\net\minecraftforge\forge\1.7.10-10.13.2.1231\forge-1.7.10-10.13.2.1231.jar;E:\Minecraft\minecraft 后大铁路时代\.minecraft\libraries\net\minecraft\launchwrapper\1.11\launchwrapper-1.11.jar;E:\Minecraft\minecraft 后大铁路时代\.minecraft\libraries\org\ow2\asm\asm-all\5.0.3\asm-all-5.0.3.jar;E:\Minecraft\minecraft 后大铁路时代\.minecraft\libraries\com\typesafe\akka\akka-actor_2.11\2.3.3\akka-actor_2.11-2.3.3.jar;E:\Minecraft\minecraft 后大铁路时代\.minecraft\libraries\com\typesafe\config\1.2.1\config-1.2.1.jar;E:\Minecraft\minecraft 后大铁路时代\.minecraft\libraries\org\scala-lang\scala-actors-migration_2.11\1.1.0\scala-actors-migration_2.11-1.1.0.jar;E:\Minecraft\minecraft 后大铁路时代\.minecraft\libraries\org\scala-lang\scala-compiler\2.11.1\scala-compiler-2.11.1.jar;E:\Minecraft\minecraft 后大铁路时代\.minecraft\libraries\org\scala-lang\plugins\scala-continuations-library_2.11\1.0.2\scala-continuations-library_2.11-1.0.2.jar;E:\Minecraft\minecraft 后大铁路时代\.minecraft\libraries\org\scala-lang\plugins\scala-continuations-plugin_2.11.1\1.0.2\scala-continuations-plugin_2.11.1-1.0.2.jar;E:\Minecraft\minecraft 后大铁路时代\.minecraft\libraries\org\scala-lang\scala-library\2.11.1\scala-library-2.11.1.jar;E:\Minecraft\minecraft 后大铁路时代\.minecraft\libraries\org\scala-lang\scala-parser-combinators_2.11\1.0.1\scala-parser-combinators_2.11-1.0.1.jar;E:\Minecraft\minecraft 后大铁路时代\.minecraft\libraries\org\scala-lang\scala-reflect\2.11.1\scala-reflect-2.11.1.jar;E:\Minecraft\minecraft 后大铁路时代\.minecraft\libraries\org\scala-lang\scala-swing_2.11\1.0.1\scala-swing_2.11-1.0.1.jar;E:\Minecraft\minecraft 后大铁路时代\.minecraft\libraries\org\scala-lang\scala-xml_2.11\1.0.2\scala-xml_2.11-1.0.2.jar;E:\Minecraft\minecraft 后大铁路时代\.minecraft\libraries\net\sf\jopt-simple\jopt-simple\4.5\jopt-simple-4.5.jar;E:\Minecraft\minecraft 后大铁路时代\.minecraft\libraries\lzma\lzma\0.0.1\lzm
Launcher Type: SUN_STANDARD

Environment Variables:
JAVA_HOME=D:\JavaJDK64\Java\jdk1.8.0_201
CLASSPATH=.;D:\JavaJDK64\Java\jdk1.8.0_201\lib\dt.jar;D:\JavaJDK64\Java\jdk1.8.0_201\lib\tools.jar;
PATH=E:\2022summer\apache-maven-3.6.1\apache-maven-3.6.1\bin;%HADOOP_HOME\bin;%C:\Program Files\Microsoft MPI\Bin\;D:\JavaJDK64\Java\jdk1.8.0_201\bin;C:\Program Files (x86)\Common Files\Oracle\Java\javapath;D:\Program Files (x86)\VMware\VMware Workstation\bin\;C:\WINDOWS\system32;C:\WINDOWS;C:\WINDOWS\System32\Wbem;C:\WINDOWS\System32\WindowsPowerShell\v1.0\;C:\WINDOWS\System32\OpenSSH\;D:\TDM-GCC-64\bin;D:\Program Files (x86)\Git\cmd;D:\Program Files\TortoiseGit\bin;C:\Program Files (x86)\NetSarang\Xshell 7\;D:\Program Files\nodejs\;D:\Python\Python310\Scripts\;D:\Python\Python310\;C:\Users\28907\AppData\Local\Microsoft\WindowsApps;D:\Program Files\JetBrains\CLion 2021.3.4\bin;;D:\Program Files\Microsoft VS Code\bin;C:\Users\28907\Desktop\编译原理\splint-3.1.1.win32\splint-3.1.1\bin;D:\Program Files (x86)\Prince\engine\bin;C:\Users\28907\AppData\Roaming\npm;D:\Program Files\JetBrains\PyCharm Community Edition 2022.2.3\bin;;"C:\WINDOWS\system32;C:\WINDOWS;";
USERNAME=28907
OS=Windows_NT
PROCESSOR_IDENTIFIER=Intel64 Family 6 Model 140 Stepping 2, GenuineIntel



---------------  S Y S T E M  ---------------

OS: Windows 11 , 64 bit Build 22621 (10.0.22621.1105)

CPU:total 8 (initial active 8) (4 cores per cpu, 2 threads per core) family 6 model 140 stepping 2, cmov, cx8, fxsr, mmx, sse, sse2, sse3, ssse3, sse4.1, sse4.2, popcnt, avx, avx2, aes, clmul, erms, 3dnowpref, lzcnt, ht, tsc, tscinvbit, bmi1, bmi2, adx

Memory: 4k page, physical 16551224k(9144596k free), swap 21007672k(13006332k free)

vm_info: Java HotSpot(TM) 64-Bit Server VM (25.321-b07) for windows-amd64 JRE (1.8.0_321-b07), built on Dec 15 2021 11:19:20 by "java_re" with MS VC++ 15.9 (VS2017)

time: Sun Jan 22 10:22:22 2023
timezone: 中国标准时间
elapsed time: 21.140385 seconds (0d 0h 0m 21s)

