[11:34:49] [main/INFO]: Setting user: selver
[11:34:50] [Client thread/INFO]: LWJGL Version: 2.9.1
[11:34:51] [Client thread/ERROR]: Couldn't initialize twitch stream
[11:35:01] [Client thread/INFO]: Reloading ResourceManager: Default, FMLFileResourcePack:Forge Mod Loader, FMLFileResourcePack:Minecraft Forge, Default, FMLFileResourcePack:CraftGuide, FMLFileResourcePack:Health Bar, FMLFileResourcePack:IndustrialCraft 2, FMLFileResourcePack:Inventory Tweaks, FMLFileResourcePack:lmmx, FMLFileResourcePack:MMMLibX, FMLFileResourcePack:zabuton, FMLFileResourcePack:Railcraft, FMLFileResourcePack:VoxelMap No Radar, FMLFileResourcePack:Zyin's HUD, FMLFileResourcePack:BC Silicon, FMLFileResourcePack:BuildCraft, FMLFileResourcePack:BC Transport, FMLFileResourcePack:BC Builders, FMLFileResourcePack:BC Energy, FMLFileResourcePack:BC Factory
[11:35:01] [Client thread/WARN]: ResourcePack: ignored non-lowercase namespace: %s in %s
[11:35:01] [Client thread/WARN]: ResourcePack: ignored non-lowercase namespace: %s in %s
[11:35:01] [Client thread/WARN]: ResourcePack: ignored non-lowercase namespace: %s in %s
[11:35:01] [Client thread/WARN]: ResourcePack: ignored non-lowercase namespace: %s in %s
[11:35:01] [Client thread/WARN]: ResourcePack: ignored non-lowercase namespace: %s in %s
[11:35:01] [Client thread/WARN]: ResourcePack: ignored non-lowercase namespace: %s in %s
[11:35:01] [Client thread/WARN]: ResourcePack: ignored non-lowercase namespace: %s in %s
[11:35:01] [Client thread/WARN]: ResourcePack: ignored non-lowercase namespace: %s in %s
[11:35:01] [Client thread/WARN]: ResourcePack: ignored non-lowercase namespace: %s in %s
[11:35:01] [Client thread/WARN]: ResourcePack: ignored non-lowercase namespace: %s in %s
[11:35:01] [Client thread/WARN]: ResourcePack: ignored non-lowercase namespace: %s in %s
[11:35:01] [Client thread/WARN]: ResourcePack: ignored non-lowercase namespace: %s in %s
[11:35:01] [Client thread/WARN]: ResourcePack: ignored non-lowercase namespace: %s in %s
[11:35:01] [Client thread/WARN]: ResourcePack: ignored non-lowercase namespace: %s in %s
[11:35:01] [Client thread/WARN]: ResourcePack: ignored non-lowercase namespace: %s in %s
[11:35:01] [Client thread/WARN]: ResourcePack: ignored non-lowercase namespace: %s in %s
[11:35:01] [Client thread/WARN]: ResourcePack: ignored non-lowercase namespace: %s in %s
[11:35:01] [Client thread/WARN]: ResourcePack: ignored non-lowercase namespace: %s in %s
[11:35:01] [Client thread/WARN]: ResourcePack: ignored non-lowercase namespace: %s in %s
[11:35:01] [Client thread/WARN]: ResourcePack: ignored non-lowercase namespace: %s in %s
[11:35:01] [Client thread/WARN]: ResourcePack: ignored non-lowercase namespace: %s in %s
[11:35:01] [Client thread/WARN]: ResourcePack: ignored non-lowercase namespace: %s in %s
[11:35:01] [Client thread/WARN]: ResourcePack: ignored non-lowercase namespace: %s in %s
[11:35:01] [Client thread/WARN]: ResourcePack: ignored non-lowercase namespace: %s in %s
[11:35:01] [Client thread/WARN]: ResourcePack: ignored non-lowercase namespace: %s in %s
[11:35:01] [Client thread/WARN]: ResourcePack: ignored non-lowercase namespace: %s in %s
[11:35:01] [Client thread/WARN]: ResourcePack: ignored non-lowercase namespace: %s in %s
[11:35:01] [Client thread/WARN]: ResourcePack: ignored non-lowercase namespace: %s in %s
[11:35:01] [Client thread/WARN]: ResourcePack: ignored non-lowercase namespace: %s in %s
[11:35:01] [Client thread/WARN]: ResourcePack: ignored non-lowercase namespace: %s in %s
[11:35:01] [Client thread/WARN]: ResourcePack: ignored non-lowercase namespace: %s in %s
[11:35:01] [Client thread/WARN]: ResourcePack: ignored non-lowercase namespace: %s in %s
[11:35:01] [Client thread/WARN]: ResourcePack: ignored non-lowercase namespace: %s in %s
[11:35:01] [Client thread/WARN]: ResourcePack: ignored non-lowercase namespace: %s in %s
[11:35:01] [Client thread/WARN]: ResourcePack: ignored non-lowercase namespace: %s in %s
[11:35:01] [Client thread/WARN]: ResourcePack: ignored non-lowercase namespace: %s in %s
[11:35:01] [Client thread/WARN]: ResourcePack: ignored non-lowercase namespace: %s in %s
[11:35:01] [Client thread/WARN]: ResourcePack: ignored non-lowercase namespace: %s in %s
[11:35:01] [Client thread/WARN]: ResourcePack: ignored non-lowercase namespace: %s in %s
[11:35:01] [Client thread/WARN]: ResourcePack: ignored non-lowercase namespace: %s in %s
[11:35:01] [Client thread/WARN]: ResourcePack: ignored non-lowercase namespace: %s in %s
[11:35:01] [Client thread/WARN]: ResourcePack: ignored non-lowercase namespace: %s in %s
[11:35:01] [Client thread/WARN]: ResourcePack: ignored non-lowercase namespace: %s in %s
[11:35:01] [Client thread/WARN]: ResourcePack: ignored non-lowercase namespace: %s in %s
[11:35:01] [Client thread/WARN]: ResourcePack: ignored non-lowercase namespace: %s in %s
[11:35:01] [Client thread/WARN]: ResourcePack: ignored non-lowercase namespace: %s in %s
[11:35:01] [Client thread/WARN]: ResourcePack: ignored non-lowercase namespace: %s in %s
[11:35:01] [Client thread/WARN]: ResourcePack: ignored non-lowercase namespace: %s in %s
[11:35:01] [Client thread/WARN]: ResourcePack: ignored non-lowercase namespace: %s in %s
[11:35:01] [Client thread/WARN]: ResourcePack: ignored non-lowercase namespace: %s in %s
[11:35:01] [Client thread/WARN]: ResourcePack: ignored non-lowercase namespace: %s in %s
[11:35:01] [Client thread/WARN]: ResourcePack: ignored non-lowercase namespace: %s in %s
[11:35:01] [Client thread/WARN]: ResourcePack: ignored non-lowercase namespace: %s in %s
[11:35:01] [Client thread/WARN]: ResourcePack: ignored non-lowercase namespace: %s in %s
[11:35:01] [Client thread/WARN]: ResourcePack: ignored non-lowercase namespace: %s in %s
[11:35:01] [Client thread/WARN]: ResourcePack: ignored non-lowercase namespace: %s in %s
[11:35:01] [Client thread/WARN]: ResourcePack: ignored non-lowercase namespace: %s in %s
[11:35:01] [Client thread/WARN]: ResourcePack: ignored non-lowercase namespace: %s in %s
[11:35:01] [Client thread/WARN]: ResourcePack: ignored non-lowercase namespace: %s in %s
[11:35:01] [Client thread/WARN]: ResourcePack: ignored non-lowercase namespace: %s in %s
[11:35:01] [Client thread/WARN]: ResourcePack: ignored non-lowercase namespace: %s in %s
[11:35:01] [Client thread/WARN]: ResourcePack: ignored non-lowercase namespace: %s in %s
[11:35:01] [Client thread/WARN]: ResourcePack: ignored non-lowercase namespace: %s in %s
[11:35:01] [Client thread/WARN]: ResourcePack: ignored non-lowercase namespace: %s in %s
[11:35:01] [Client thread/WARN]: ResourcePack: ignored non-lowercase namespace: %s in %s
[11:35:01] [Client thread/WARN]: ResourcePack: ignored non-lowercase namespace: %s in %s
[11:35:01] [Client thread/WARN]: ResourcePack: ignored non-lowercase namespace: %s in %s
[11:35:01] [Client thread/WARN]: ResourcePack: ignored non-lowercase namespace: %s in %s
[11:35:01] [Client thread/WARN]: ResourcePack: ignored non-lowercase namespace: %s in %s
[11:35:01] [Client thread/WARN]: ResourcePack: ignored non-lowercase namespace: %s in %s
[11:35:01] [Client thread/WARN]: ResourcePack: ignored non-lowercase namespace: %s in %s
[11:35:01] [Client thread/WARN]: ResourcePack: ignored non-lowercase namespace: %s in %s
[11:35:01] [Client thread/WARN]: ResourcePack: ignored non-lowercase namespace: %s in %s
[11:35:01] [Client thread/WARN]: ResourcePack: ignored non-lowercase namespace: %s in %s
[11:35:01] [Client thread/WARN]: ResourcePack: ignored non-lowercase namespace: %s in %s
[11:35:01] [Client thread/WARN]: ResourcePack: ignored non-lowercase namespace: %s in %s
[11:35:01] [Client thread/WARN]: ResourcePack: ignored non-lowercase namespace: %s in %s
[11:35:01] [Client thread/WARN]: ResourcePack: ignored non-lowercase namespace: %s in %s
[11:35:01] [Client thread/WARN]: ResourcePack: ignored non-lowercase namespace: %s in %s
[11:35:01] [Client thread/WARN]: ResourcePack: ignored non-lowercase namespace: %s in %s
[11:35:01] [Client thread/WARN]: ResourcePack: ignored non-lowercase namespace: %s in %s
[11:35:01] [Client thread/WARN]: ResourcePack: ignored non-lowercase namespace: %s in %s
[11:35:01] [Client thread/WARN]: ResourcePack: ignored non-lowercase namespace: %s in %s
[11:35:01] [Client thread/WARN]: ResourcePack: ignored non-lowercase namespace: %s in %s
[11:35:01] [Client thread/WARN]: ResourcePack: ignored non-lowercase namespace: %s in %s
[11:35:01] [Client thread/WARN]: ResourcePack: ignored non-lowercase namespace: %s in %s
[11:35:01] [Client thread/WARN]: ResourcePack: ignored non-lowercase namespace: %s in %s
[11:35:01] [Client thread/WARN]: ResourcePack: ignored non-lowercase namespace: %s in %s
[11:35:01] [Client thread/WARN]: ResourcePack: ignored non-lowercase namespace: %s in %s
[11:35:01] [Client thread/WARN]: ResourcePack: ignored non-lowercase namespace: %s in %s
[11:35:01] [Client thread/WARN]: ResourcePack: ignored non-lowercase namespace: %s in %s
[11:35:01] [Client thread/WARN]: ResourcePack: ignored non-lowercase namespace: %s in %s
[11:35:01] [Client thread/WARN]: ResourcePack: ignored non-lowercase namespace: %s in %s
[11:35:01] [Client thread/WARN]: ResourcePack: ignored non-lowercase namespace: %s in %s
[11:35:01] [Client thread/WARN]: ResourcePack: ignored non-lowercase namespace: %s in %s
[11:35:01] [Client thread/WARN]: ResourcePack: ignored non-lowercase namespace: %s in %s
[11:35:01] [Client thread/WARN]: ResourcePack: ignored non-lowercase namespace: %s in %s
[11:35:01] [Client thread/WARN]: ResourcePack: ignored non-lowercase namespace: %s in %s
[11:35:01] [Client thread/WARN]: ResourcePack: ignored non-lowercase namespace: %s in %s
[11:35:01] [Client thread/WARN]: ResourcePack: ignored non-lowercase namespace: %s in %s
[11:35:01] [Client thread/WARN]: ResourcePack: ignored non-lowercase namespace: %s in %s
[11:35:01] [Client thread/WARN]: ResourcePack: ignored non-lowercase namespace: %s in %s
[11:35:01] [Client thread/WARN]: ResourcePack: ignored non-lowercase namespace: %s in %s
[11:35:01] [Client thread/WARN]: ResourcePack: ignored non-lowercase namespace: %s in %s
[11:35:01] [Client thread/WARN]: ResourcePack: ignored non-lowercase namespace: %s in %s
[11:35:01] [Client thread/WARN]: ResourcePack: ignored non-lowercase namespace: %s in %s
[11:35:01] [Client thread/WARN]: ResourcePack: ignored non-lowercase namespace: %s in %s
[11:35:01] [Client thread/WARN]: ResourcePack: ignored non-lowercase namespace: %s in %s
[11:35:01] [Client thread/WARN]: ResourcePack: ignored non-lowercase namespace: %s in %s
[11:35:01] [Client thread/WARN]: ResourcePack: ignored non-lowercase namespace: %s in %s
[11:35:01] [Client thread/WARN]: ResourcePack: ignored non-lowercase namespace: %s in %s
[11:35:01] [Client thread/WARN]: ResourcePack: ignored non-lowercase namespace: %s in %s
[11:35:01] [Client thread/WARN]: ResourcePack: ignored non-lowercase namespace: %s in %s
[11:35:01] [Client thread/WARN]: ResourcePack: ignored non-lowercase namespace: %s in %s
[11:35:01] [Client thread/WARN]: ResourcePack: ignored non-lowercase namespace: %s in %s
[11:35:01] [Client thread/WARN]: ResourcePack: ignored non-lowercase namespace: %s in %s
[11:35:01] [Client thread/WARN]: ResourcePack: ignored non-lowercase namespace: %s in %s
[11:35:01] [Client thread/WARN]: ResourcePack: ignored non-lowercase namespace: %s in %s
[11:35:01] [Client thread/WARN]: ResourcePack: ignored non-lowercase namespace: %s in %s
[11:35:01] [Client thread/WARN]: ResourcePack: ignored non-lowercase namespace: %s in %s
[11:35:01] [Client thread/WARN]: ResourcePack: ignored non-lowercase namespace: %s in %s
[11:35:01] [Client thread/WARN]: ResourcePack: ignored non-lowercase namespace: %s in %s
[11:35:01] [Client thread/WARN]: ResourcePack: ignored non-lowercase namespace: %s in %s
[11:35:01] [Client thread/WARN]: ResourcePack: ignored non-lowercase namespace: %s in %s
[11:35:01] [Client thread/WARN]: ResourcePack: ignored non-lowercase namespace: %s in %s
[11:35:01] [Client thread/WARN]: ResourcePack: ignored non-lowercase namespace: %s in %s
[11:35:01] [Client thread/WARN]: ResourcePack: ignored non-lowercase namespace: %s in %s
[11:35:01] [Client thread/WARN]: ResourcePack: ignored non-lowercase namespace: %s in %s
[11:35:01] [Client thread/WARN]: ResourcePack: ignored non-lowercase namespace: %s in %s
[11:35:01] [Client thread/WARN]: ResourcePack: ignored non-lowercase namespace: %s in %s
[11:35:01] [Client thread/WARN]: ResourcePack: ignored non-lowercase namespace: %s in %s
[11:35:01] [Client thread/WARN]: ResourcePack: ignored non-lowercase namespace: %s in %s
[11:35:01] [Client thread/WARN]: ResourcePack: ignored non-lowercase namespace: %s in %s
[11:35:01] [Client thread/WARN]: ResourcePack: ignored non-lowercase namespace: %s in %s
[11:35:01] [Client thread/WARN]: ResourcePack: ignored non-lowercase namespace: %s in %s
[11:35:10] [Sound Library Loader/INFO]: Sound engine started
[11:35:17] [Client thread/INFO]: Created: 1024x1024 textures/blocks-atlas
[11:35:18] [Client thread/INFO]: Created: 512x512 textures/items-atlas
[11:35:26] [Client thread/INFO]: Reloading ResourceManager: Default, FMLFileResourcePack:Forge Mod Loader, FMLFileResourcePack:Minecraft Forge, Default, FMLFileResourcePack:CraftGuide, FMLFileResourcePack:Health Bar, FMLFileResourcePack:IndustrialCraft 2, FMLFileResourcePack:Inventory Tweaks, FMLFileResourcePack:lmmx, FMLFileResourcePack:MMMLibX, FMLFileResourcePack:zabuton, FMLFileResourcePack:Railcraft, FMLFileResourcePack:VoxelMap No Radar, FMLFileResourcePack:Zyin's HUD, FMLFileResourcePack:BC Silicon, FMLFileResourcePack:BuildCraft, FMLFileResourcePack:BC Transport, FMLFileResourcePack:BC Builders, FMLFileResourcePack:BC Energy, FMLFileResourcePack:BC Factory
[11:35:26] [Client thread/WARN]: ResourcePack: ignored non-lowercase namespace: %s in %s
[11:35:26] [Client thread/WARN]: ResourcePack: ignored non-lowercase namespace: %s in %s
[11:35:26] [Client thread/WARN]: ResourcePack: ignored non-lowercase namespace: %s in %s
[11:35:26] [Client thread/WARN]: ResourcePack: ignored non-lowercase namespace: %s in %s
[11:35:26] [Client thread/WARN]: ResourcePack: ignored non-lowercase namespace: %s in %s
[11:35:26] [Client thread/WARN]: ResourcePack: ignored non-lowercase namespace: %s in %s
[11:35:26] [Client thread/WARN]: ResourcePack: ignored non-lowercase namespace: %s in %s
[11:35:26] [Client thread/WARN]: ResourcePack: ignored non-lowercase namespace: %s in %s
[11:35:26] [Client thread/WARN]: ResourcePack: ignored non-lowercase namespace: %s in %s
[11:35:26] [Client thread/WARN]: ResourcePack: ignored non-lowercase namespace: %s in %s
[11:35:26] [Client thread/WARN]: ResourcePack: ignored non-lowercase namespace: %s in %s
[11:35:26] [Client thread/WARN]: ResourcePack: ignored non-lowercase namespace: %s in %s
[11:35:26] [Client thread/WARN]: ResourcePack: ignored non-lowercase namespace: %s in %s
[11:35:26] [Client thread/WARN]: ResourcePack: ignored non-lowercase namespace: %s in %s
[11:35:26] [Client thread/WARN]: ResourcePack: ignored non-lowercase namespace: %s in %s
[11:35:26] [Client thread/WARN]: ResourcePack: ignored non-lowercase namespace: %s in %s
[11:35:26] [Client thread/WARN]: ResourcePack: ignored non-lowercase namespace: %s in %s
[11:35:26] [Client thread/WARN]: ResourcePack: ignored non-lowercase namespace: %s in %s
[11:35:26] [Client thread/WARN]: ResourcePack: ignored non-lowercase namespace: %s in %s
[11:35:26] [Client thread/WARN]: ResourcePack: ignored non-lowercase namespace: %s in %s
[11:35:26] [Client thread/WARN]: ResourcePack: ignored non-lowercase namespace: %s in %s
[11:35:26] [Client thread/WARN]: ResourcePack: ignored non-lowercase namespace: %s in %s
[11:35:26] [Client thread/WARN]: ResourcePack: ignored non-lowercase namespace: %s in %s
[11:35:26] [Client thread/WARN]: ResourcePack: ignored non-lowercase namespace: %s in %s
[11:35:26] [Client thread/WARN]: ResourcePack: ignored non-lowercase namespace: %s in %s
[11:35:26] [Client thread/WARN]: ResourcePack: ignored non-lowercase namespace: %s in %s
[11:35:26] [Client thread/WARN]: ResourcePack: ignored non-lowercase namespace: %s in %s
[11:35:26] [Client thread/WARN]: ResourcePack: ignored non-lowercase namespace: %s in %s
[11:35:26] [Client thread/WARN]: ResourcePack: ignored non-lowercase namespace: %s in %s
[11:35:26] [Client thread/WARN]: ResourcePack: ignored non-lowercase namespace: %s in %s
[11:35:26] [Client thread/WARN]: ResourcePack: ignored non-lowercase namespace: %s in %s
[11:35:26] [Client thread/WARN]: ResourcePack: ignored non-lowercase namespace: %s in %s
[11:35:26] [Client thread/WARN]: ResourcePack: ignored non-lowercase namespace: %s in %s
[11:35:26] [Client thread/WARN]: ResourcePack: ignored non-lowercase namespace: %s in %s
[11:35:26] [Client thread/WARN]: ResourcePack: ignored non-lowercase namespace: %s in %s
[11:35:26] [Client thread/WARN]: ResourcePack: ignored non-lowercase namespace: %s in %s
[11:35:26] [Client thread/WARN]: ResourcePack: ignored non-lowercase namespace: %s in %s
[11:35:26] [Client thread/WARN]: ResourcePack: ignored non-lowercase namespace: %s in %s
[11:35:26] [Client thread/WARN]: ResourcePack: ignored non-lowercase namespace: %s in %s
[11:35:26] [Client thread/WARN]: ResourcePack: ignored non-lowercase namespace: %s in %s
[11:35:26] [Client thread/WARN]: ResourcePack: ignored non-lowercase namespace: %s in %s
[11:35:26] [Client thread/WARN]: ResourcePack: ignored non-lowercase namespace: %s in %s
[11:35:26] [Client thread/WARN]: ResourcePack: ignored non-lowercase namespace: %s in %s
[11:35:26] [Client thread/WARN]: ResourcePack: ignored non-lowercase namespace: %s in %s
[11:35:26] [Client thread/WARN]: ResourcePack: ignored non-lowercase namespace: %s in %s
[11:35:26] [Client thread/WARN]: ResourcePack: ignored non-lowercase namespace: %s in %s
[11:35:26] [Client thread/WARN]: ResourcePack: ignored non-lowercase namespace: %s in %s
[11:35:26] [Client thread/WARN]: ResourcePack: ignored non-lowercase namespace: %s in %s
[11:35:26] [Client thread/WARN]: ResourcePack: ignored non-lowercase namespace: %s in %s
[11:35:26] [Client thread/WARN]: ResourcePack: ignored non-lowercase namespace: %s in %s
[11:35:26] [Client thread/WARN]: ResourcePack: ignored non-lowercase namespace: %s in %s
[11:35:26] [Client thread/WARN]: ResourcePack: ignored non-lowercase namespace: %s in %s
[11:35:26] [Client thread/WARN]: ResourcePack: ignored non-lowercase namespace: %s in %s
[11:35:26] [Client thread/WARN]: ResourcePack: ignored non-lowercase namespace: %s in %s
[11:35:26] [Client thread/WARN]: ResourcePack: ignored non-lowercase namespace: %s in %s
[11:35:26] [Client thread/WARN]: ResourcePack: ignored non-lowercase namespace: %s in %s
[11:35:26] [Client thread/WARN]: ResourcePack: ignored non-lowercase namespace: %s in %s
[11:35:26] [Client thread/WARN]: ResourcePack: ignored non-lowercase namespace: %s in %s
[11:35:26] [Client thread/WARN]: ResourcePack: ignored non-lowercase namespace: %s in %s
[11:35:26] [Client thread/WARN]: ResourcePack: ignored non-lowercase namespace: %s in %s
[11:35:26] [Client thread/WARN]: ResourcePack: ignored non-lowercase namespace: %s in %s
[11:35:26] [Client thread/WARN]: ResourcePack: ignored non-lowercase namespace: %s in %s
[11:35:26] [Client thread/WARN]: ResourcePack: ignored non-lowercase namespace: %s in %s
[11:35:26] [Client thread/WARN]: ResourcePack: ignored non-lowercase namespace: %s in %s
[11:35:26] [Client thread/WARN]: ResourcePack: ignored non-lowercase namespace: %s in %s
[11:35:26] [Client thread/WARN]: ResourcePack: ignored non-lowercase namespace: %s in %s
[11:35:26] [Client thread/WARN]: ResourcePack: ignored non-lowercase namespace: %s in %s
[11:35:26] [Client thread/WARN]: ResourcePack: ignored non-lowercase namespace: %s in %s
[11:35:26] [Client thread/WARN]: ResourcePack: ignored non-lowercase namespace: %s in %s
[11:35:26] [Client thread/WARN]: ResourcePack: ignored non-lowercase namespace: %s in %s
[11:35:26] [Client thread/WARN]: ResourcePack: ignored non-lowercase namespace: %s in %s
[11:35:26] [Client thread/WARN]: ResourcePack: ignored non-lowercase namespace: %s in %s
[11:35:26] [Client thread/WARN]: ResourcePack: ignored non-lowercase namespace: %s in %s
[11:35:26] [Client thread/WARN]: ResourcePack: ignored non-lowercase namespace: %s in %s
[11:35:26] [Client thread/WARN]: ResourcePack: ignored non-lowercase namespace: %s in %s
[11:35:26] [Client thread/WARN]: ResourcePack: ignored non-lowercase namespace: %s in %s
[11:35:26] [Client thread/WARN]: ResourcePack: ignored non-lowercase namespace: %s in %s
[11:35:26] [Client thread/WARN]: ResourcePack: ignored non-lowercase namespace: %s in %s
[11:35:26] [Client thread/WARN]: ResourcePack: ignored non-lowercase namespace: %s in %s
[11:35:26] [Client thread/WARN]: ResourcePack: ignored non-lowercase namespace: %s in %s
[11:35:26] [Client thread/WARN]: ResourcePack: ignored non-lowercase namespace: %s in %s
[11:35:26] [Client thread/WARN]: ResourcePack: ignored non-lowercase namespace: %s in %s
[11:35:26] [Client thread/WARN]: ResourcePack: ignored non-lowercase namespace: %s in %s
[11:35:26] [Client thread/WARN]: ResourcePack: ignored non-lowercase namespace: %s in %s
[11:35:26] [Client thread/WARN]: ResourcePack: ignored non-lowercase namespace: %s in %s
[11:35:26] [Client thread/WARN]: ResourcePack: ignored non-lowercase namespace: %s in %s
[11:35:26] [Client thread/WARN]: ResourcePack: ignored non-lowercase namespace: %s in %s
[11:35:26] [Client thread/WARN]: ResourcePack: ignored non-lowercase namespace: %s in %s
[11:35:26] [Client thread/WARN]: ResourcePack: ignored non-lowercase namespace: %s in %s
[11:35:26] [Client thread/WARN]: ResourcePack: ignored non-lowercase namespace: %s in %s
[11:35:26] [Client thread/WARN]: ResourcePack: ignored non-lowercase namespace: %s in %s
[11:35:26] [Client thread/WARN]: ResourcePack: ignored non-lowercase namespace: %s in %s
[11:35:26] [Client thread/WARN]: ResourcePack: ignored non-lowercase namespace: %s in %s
[11:35:26] [Client thread/WARN]: ResourcePack: ignored non-lowercase namespace: %s in %s
[11:35:26] [Client thread/WARN]: ResourcePack: ignored non-lowercase namespace: %s in %s
[11:35:26] [Client thread/WARN]: ResourcePack: ignored non-lowercase namespace: %s in %s
[11:35:26] [Client thread/WARN]: ResourcePack: ignored non-lowercase namespace: %s in %s
[11:35:26] [Client thread/WARN]: ResourcePack: ignored non-lowercase namespace: %s in %s
[11:35:26] [Client thread/WARN]: ResourcePack: ignored non-lowercase namespace: %s in %s
[11:35:26] [Client thread/WARN]: ResourcePack: ignored non-lowercase namespace: %s in %s
[11:35:26] [Client thread/WARN]: ResourcePack: ignored non-lowercase namespace: %s in %s
[11:35:26] [Client thread/WARN]: ResourcePack: ignored non-lowercase namespace: %s in %s
[11:35:26] [Client thread/WARN]: ResourcePack: ignored non-lowercase namespace: %s in %s
[11:35:26] [Client thread/WARN]: ResourcePack: ignored non-lowercase namespace: %s in %s
[11:35:26] [Client thread/WARN]: ResourcePack: ignored non-lowercase namespace: %s in %s
[11:35:26] [Client thread/WARN]: ResourcePack: ignored non-lowercase namespace: %s in %s
[11:35:26] [Client thread/WARN]: ResourcePack: ignored non-lowercase namespace: %s in %s
[11:35:26] [Client thread/WARN]: ResourcePack: ignored non-lowercase namespace: %s in %s
[11:35:26] [Client thread/WARN]: ResourcePack: ignored non-lowercase namespace: %s in %s
[11:35:26] [Client thread/WARN]: ResourcePack: ignored non-lowercase namespace: %s in %s
[11:35:26] [Client thread/WARN]: ResourcePack: ignored non-lowercase namespace: %s in %s
[11:35:26] [Client thread/WARN]: ResourcePack: ignored non-lowercase namespace: %s in %s
[11:35:26] [Client thread/WARN]: ResourcePack: ignored non-lowercase namespace: %s in %s
[11:35:26] [Client thread/WARN]: ResourcePack: ignored non-lowercase namespace: %s in %s
[11:35:26] [Client thread/WARN]: ResourcePack: ignored non-lowercase namespace: %s in %s
[11:35:26] [Client thread/WARN]: ResourcePack: ignored non-lowercase namespace: %s in %s
[11:35:26] [Client thread/WARN]: ResourcePack: ignored non-lowercase namespace: %s in %s
[11:35:26] [Client thread/WARN]: ResourcePack: ignored non-lowercase namespace: %s in %s
[11:35:26] [Client thread/WARN]: ResourcePack: ignored non-lowercase namespace: %s in %s
[11:35:26] [Client thread/WARN]: ResourcePack: ignored non-lowercase namespace: %s in %s
[11:35:26] [Client thread/WARN]: ResourcePack: ignored non-lowercase namespace: %s in %s
[11:35:26] [Client thread/WARN]: ResourcePack: ignored non-lowercase namespace: %s in %s
[11:35:26] [Client thread/WARN]: ResourcePack: ignored non-lowercase namespace: %s in %s
[11:35:26] [Client thread/WARN]: ResourcePack: ignored non-lowercase namespace: %s in %s
[11:35:26] [Client thread/WARN]: ResourcePack: ignored non-lowercase namespace: %s in %s
[11:35:26] [Client thread/WARN]: ResourcePack: ignored non-lowercase namespace: %s in %s
[11:35:26] [Client thread/WARN]: ResourcePack: ignored non-lowercase namespace: %s in %s
[11:35:26] [Client thread/WARN]: ResourcePack: ignored non-lowercase namespace: %s in %s
[11:35:26] [Client thread/WARN]: ResourcePack: ignored non-lowercase namespace: %s in %s
[11:35:26] [Client thread/WARN]: ResourcePack: ignored non-lowercase namespace: %s in %s
[11:35:26] [Client thread/WARN]: ResourcePack: ignored non-lowercase namespace: %s in %s
[11:35:26] [Client thread/WARN]: ResourcePack: ignored non-lowercase namespace: %s in %s
[11:35:26] [Client thread/WARN]: ResourcePack: ignored non-lowercase namespace: %s in %s
[11:35:26] [Client thread/WARN]: ResourcePack: ignored non-lowercase namespace: %s in %s
[11:35:26] [Client thread/WARN]: ResourcePack: ignored non-lowercase namespace: %s in %s
[11:35:26] [Client thread/ERROR]: Using missing texture, unable to load buildcraft:textures/items/triggers/action_machinecontrol_mode.png, java.io.FileNotFoundException
[11:35:26] [Client thread/INFO]: Created: 512x512 textures/items-atlas
[11:35:31] [Client thread/INFO]: Created: 1024x1024 textures/blocks-atlas
[11:35:32] [Sound Library Loader/INFO]: Sound engine started
