[11:31:02] [main/INFO]: Setting user: selver
[11:31:04] [Client thread/INFO]: LWJGL Version: 2.9.1
[11:31:12] [Client thread/INFO]: Reloading ResourceManager: Default, FMLFileResourcePack:Forge Mod Loader, FMLFileResourcePack:Minecraft Forge, Default, FMLFileResourcePack:CraftGuide, FMLFileResourcePack:Health Bar, FMLFileResourcePack:IndustrialCraft 2, FMLFileResourcePack:Inventory Tweaks, FMLFileResourcePack:lmmx, FMLFileResourcePack:MMMLibX, FMLFileResourcePack:zabuton, FMLFileResourcePack:Moving World, FMLFileResourcePack:Railcraft, FMLFileResourcePack:RedLogic, FMLFileResourcePack:VoxelMap No Radar, FMLFileResourcePack:Zyin's HUD, FMLFileResourcePack:BC Silicon, FMLFileResourcePack:BuildCraft, FMLFileResourcePack:BC Transport, FMLFileResourcePack:BC Builders, FMLFileResourcePack:BC Energy, FMLFileResourcePack:BC Factory
[11:31:12] [Client thread/WARN]: ResourcePack: ignored non-lowercase namespace: %s in %s
[11:31:12] [Client thread/WARN]: ResourcePack: ignored non-lowercase namespace: %s in %s
[11:31:12] [Client thread/WARN]: ResourcePack: ignored non-lowercase namespace: %s in %s
[11:31:12] [Client thread/WARN]: ResourcePack: ignored non-lowercase namespace: %s in %s
[11:31:12] [Client thread/WARN]: ResourcePack: ignored non-lowercase namespace: %s in %s
[11:31:12] [Client thread/WARN]: ResourcePack: ignored non-lowercase namespace: %s in %s
[11:31:12] [Client thread/WARN]: ResourcePack: ignored non-lowercase namespace: %s in %s
[11:31:12] [Client thread/WARN]: ResourcePack: ignored non-lowercase namespace: %s in %s
[11:31:12] [Client thread/WARN]: ResourcePack: ignored non-lowercase namespace: %s in %s
[11:31:12] [Client thread/WARN]: ResourcePack: ignored non-lowercase namespace: %s in %s
[11:31:12] [Client thread/WARN]: ResourcePack: ignored non-lowercase namespace: %s in %s
[11:31:12] [Client thread/WARN]: ResourcePack: ignored non-lowercase namespace: %s in %s
[11:31:12] [Client thread/WARN]: ResourcePack: ignored non-lowercase namespace: %s in %s
[11:31:12] [Client thread/WARN]: ResourcePack: ignored non-lowercase namespace: %s in %s
[11:31:12] [Client thread/WARN]: ResourcePack: ignored non-lowercase namespace: %s in %s
[11:31:12] [Client thread/WARN]: ResourcePack: ignored non-lowercase namespace: %s in %s
[11:31:12] [Client thread/WARN]: ResourcePack: ignored non-lowercase namespace: %s in %s
[11:31:12] [Client thread/WARN]: ResourcePack: ignored non-lowercase namespace: %s in %s
[11:31:12] [Client thread/WARN]: ResourcePack: ignored non-lowercase namespace: %s in %s
[11:31:12] [Client thread/WARN]: ResourcePack: ignored non-lowercase namespace: %s in %s
[11:31:12] [Client thread/WARN]: ResourcePack: ignored non-lowercase namespace: %s in %s
[11:31:12] [Client thread/WARN]: ResourcePack: ignored non-lowercase namespace: %s in %s
[11:31:12] [Client thread/WARN]: ResourcePack: ignored non-lowercase namespace: %s in %s
[11:31:12] [Client thread/WARN]: ResourcePack: ignored non-lowercase namespace: %s in %s
[11:31:12] [Client thread/WARN]: ResourcePack: ignored non-lowercase namespace: %s in %s
[11:31:12] [Client thread/WARN]: ResourcePack: ignored non-lowercase namespace: %s in %s
[11:31:12] [Client thread/WARN]: ResourcePack: ignored non-lowercase namespace: %s in %s
[11:31:12] [Client thread/WARN]: ResourcePack: ignored non-lowercase namespace: %s in %s
[11:31:12] [Client thread/WARN]: ResourcePack: ignored non-lowercase namespace: %s in %s
[11:31:12] [Client thread/WARN]: ResourcePack: ignored non-lowercase namespace: %s in %s
[11:31:12] [Client thread/WARN]: ResourcePack: ignored non-lowercase namespace: %s in %s
[11:31:12] [Client thread/WARN]: ResourcePack: ignored non-lowercase namespace: %s in %s
[11:31:12] [Client thread/WARN]: ResourcePack: ignored non-lowercase namespace: %s in %s
[11:31:12] [Client thread/WARN]: ResourcePack: ignored non-lowercase namespace: %s in %s
[11:31:12] [Client thread/WARN]: ResourcePack: ignored non-lowercase namespace: %s in %s
[11:31:12] [Client thread/WARN]: ResourcePack: ignored non-lowercase namespace: %s in %s
[11:31:12] [Client thread/WARN]: ResourcePack: ignored non-lowercase namespace: %s in %s
[11:31:12] [Client thread/WARN]: ResourcePack: ignored non-lowercase namespace: %s in %s
[11:31:12] [Client thread/WARN]: ResourcePack: ignored non-lowercase namespace: %s in %s
[11:31:12] [Client thread/WARN]: ResourcePack: ignored non-lowercase namespace: %s in %s
[11:31:12] [Client thread/WARN]: ResourcePack: ignored non-lowercase namespace: %s in %s
[11:31:12] [Client thread/WARN]: ResourcePack: ignored non-lowercase namespace: %s in %s
[11:31:12] [Client thread/WARN]: ResourcePack: ignored non-lowercase namespace: %s in %s
[11:31:12] [Client thread/WARN]: ResourcePack: ignored non-lowercase namespace: %s in %s
[11:31:12] [Client thread/WARN]: ResourcePack: ignored non-lowercase namespace: %s in %s
[11:31:12] [Client thread/WARN]: ResourcePack: ignored non-lowercase namespace: %s in %s
[11:31:12] [Client thread/WARN]: ResourcePack: ignored non-lowercase namespace: %s in %s
[11:31:12] [Client thread/WARN]: ResourcePack: ignored non-lowercase namespace: %s in %s
[11:31:12] [Client thread/WARN]: ResourcePack: ignored non-lowercase namespace: %s in %s
[11:31:12] [Client thread/WARN]: ResourcePack: ignored non-lowercase namespace: %s in %s
[11:31:12] [Client thread/WARN]: ResourcePack: ignored non-lowercase namespace: %s in %s
[11:31:12] [Client thread/WARN]: ResourcePack: ignored non-lowercase namespace: %s in %s
[11:31:12] [Client thread/WARN]: ResourcePack: ignored non-lowercase namespace: %s in %s
[11:31:12] [Client thread/WARN]: ResourcePack: ignored non-lowercase namespace: %s in %s
[11:31:12] [Client thread/WARN]: ResourcePack: ignored non-lowercase namespace: %s in %s
[11:31:12] [Client thread/WARN]: ResourcePack: ignored non-lowercase namespace: %s in %s
[11:31:12] [Client thread/WARN]: ResourcePack: ignored non-lowercase namespace: %s in %s
[11:31:12] [Client thread/WARN]: ResourcePack: ignored non-lowercase namespace: %s in %s
[11:31:12] [Client thread/WARN]: ResourcePack: ignored non-lowercase namespace: %s in %s
[11:31:12] [Client thread/WARN]: ResourcePack: ignored non-lowercase namespace: %s in %s
[11:31:12] [Client thread/WARN]: ResourcePack: ignored non-lowercase namespace: %s in %s
[11:31:12] [Client thread/WARN]: ResourcePack: ignored non-lowercase namespace: %s in %s
[11:31:12] [Client thread/WARN]: ResourcePack: ignored non-lowercase namespace: %s in %s
[11:31:12] [Client thread/WARN]: ResourcePack: ignored non-lowercase namespace: %s in %s
[11:31:12] [Client thread/WARN]: ResourcePack: ignored non-lowercase namespace: %s in %s
[11:31:12] [Client thread/WARN]: ResourcePack: ignored non-lowercase namespace: %s in %s
[11:31:12] [Client thread/WARN]: ResourcePack: ignored non-lowercase namespace: %s in %s
[11:31:12] [Client thread/WARN]: ResourcePack: ignored non-lowercase namespace: %s in %s
[11:31:12] [Client thread/WARN]: ResourcePack: ignored non-lowercase namespace: %s in %s
[11:31:12] [Client thread/WARN]: ResourcePack: ignored non-lowercase namespace: %s in %s
[11:31:12] [Client thread/WARN]: ResourcePack: ignored non-lowercase namespace: %s in %s
[11:31:12] [Client thread/WARN]: ResourcePack: ignored non-lowercase namespace: %s in %s
[11:31:12] [Client thread/WARN]: ResourcePack: ignored non-lowercase namespace: %s in %s
[11:31:12] [Client thread/WARN]: ResourcePack: ignored non-lowercase namespace: %s in %s
[11:31:12] [Client thread/WARN]: ResourcePack: ignored non-lowercase namespace: %s in %s
[11:31:12] [Client thread/WARN]: ResourcePack: ignored non-lowercase namespace: %s in %s
[11:31:12] [Client thread/WARN]: ResourcePack: ignored non-lowercase namespace: %s in %s
[11:31:12] [Client thread/WARN]: ResourcePack: ignored non-lowercase namespace: %s in %s
[11:31:12] [Client thread/WARN]: ResourcePack: ignored non-lowercase namespace: %s in %s
[11:31:12] [Client thread/WARN]: ResourcePack: ignored non-lowercase namespace: %s in %s
[11:31:12] [Client thread/WARN]: ResourcePack: ignored non-lowercase namespace: %s in %s
[11:31:12] [Client thread/WARN]: ResourcePack: ignored non-lowercase namespace: %s in %s
[11:31:12] [Client thread/WARN]: ResourcePack: ignored non-lowercase namespace: %s in %s
[11:31:12] [Client thread/WARN]: ResourcePack: ignored non-lowercase namespace: %s in %s
[11:31:12] [Client thread/WARN]: ResourcePack: ignored non-lowercase namespace: %s in %s
[11:31:12] [Client thread/WARN]: ResourcePack: ignored non-lowercase namespace: %s in %s
[11:31:12] [Client thread/WARN]: ResourcePack: ignored non-lowercase namespace: %s in %s
[11:31:12] [Client thread/WARN]: ResourcePack: ignored non-lowercase namespace: %s in %s
[11:31:12] [Client thread/WARN]: ResourcePack: ignored non-lowercase namespace: %s in %s
[11:31:12] [Client thread/WARN]: ResourcePack: ignored non-lowercase namespace: %s in %s
[11:31:12] [Client thread/WARN]: ResourcePack: ignored non-lowercase namespace: %s in %s
[11:31:12] [Client thread/WARN]: ResourcePack: ignored non-lowercase namespace: %s in %s
[11:31:12] [Client thread/WARN]: ResourcePack: ignored non-lowercase namespace: %s in %s
[11:31:12] [Client thread/WARN]: ResourcePack: ignored non-lowercase namespace: %s in %s
[11:31:12] [Client thread/WARN]: ResourcePack: ignored non-lowercase namespace: %s in %s
[11:31:12] [Client thread/WARN]: ResourcePack: ignored non-lowercase namespace: %s in %s
[11:31:12] [Client thread/WARN]: ResourcePack: ignored non-lowercase namespace: %s in %s
[11:31:12] [Client thread/WARN]: ResourcePack: ignored non-lowercase namespace: %s in %s
[11:31:12] [Client thread/WARN]: ResourcePack: ignored non-lowercase namespace: %s in %s
[11:31:12] [Client thread/WARN]: ResourcePack: ignored non-lowercase namespace: %s in %s
[11:31:12] [Client thread/WARN]: ResourcePack: ignored non-lowercase namespace: %s in %s
[11:31:12] [Client thread/WARN]: ResourcePack: ignored non-lowercase namespace: %s in %s
[11:31:12] [Client thread/WARN]: ResourcePack: ignored non-lowercase namespace: %s in %s
[11:31:12] [Client thread/WARN]: ResourcePack: ignored non-lowercase namespace: %s in %s
[11:31:12] [Client thread/WARN]: ResourcePack: ignored non-lowercase namespace: %s in %s
[11:31:12] [Client thread/WARN]: ResourcePack: ignored non-lowercase namespace: %s in %s
[11:31:12] [Client thread/WARN]: ResourcePack: ignored non-lowercase namespace: %s in %s
[11:31:12] [Client thread/WARN]: ResourcePack: ignored non-lowercase namespace: %s in %s
[11:31:12] [Client thread/WARN]: ResourcePack: ignored non-lowercase namespace: %s in %s
[11:31:12] [Client thread/WARN]: ResourcePack: ignored non-lowercase namespace: %s in %s
[11:31:12] [Client thread/WARN]: ResourcePack: ignored non-lowercase namespace: %s in %s
[11:31:12] [Client thread/WARN]: ResourcePack: ignored non-lowercase namespace: %s in %s
[11:31:12] [Client thread/WARN]: ResourcePack: ignored non-lowercase namespace: %s in %s
[11:31:12] [Client thread/WARN]: ResourcePack: ignored non-lowercase namespace: %s in %s
[11:31:12] [Client thread/WARN]: ResourcePack: ignored non-lowercase namespace: %s in %s
[11:31:12] [Client thread/WARN]: ResourcePack: ignored non-lowercase namespace: %s in %s
[11:31:12] [Client thread/WARN]: ResourcePack: ignored non-lowercase namespace: %s in %s
[11:31:12] [Client thread/WARN]: ResourcePack: ignored non-lowercase namespace: %s in %s
[11:31:12] [Client thread/WARN]: ResourcePack: ignored non-lowercase namespace: %s in %s
[11:31:12] [Client thread/WARN]: ResourcePack: ignored non-lowercase namespace: %s in %s
[11:31:12] [Client thread/WARN]: ResourcePack: ignored non-lowercase namespace: %s in %s
[11:31:12] [Client thread/WARN]: ResourcePack: ignored non-lowercase namespace: %s in %s
[11:31:12] [Client thread/WARN]: ResourcePack: ignored non-lowercase namespace: %s in %s
[11:31:12] [Client thread/WARN]: ResourcePack: ignored non-lowercase namespace: %s in %s
[11:31:12] [Client thread/WARN]: ResourcePack: ignored non-lowercase namespace: %s in %s
[11:31:12] [Client thread/WARN]: ResourcePack: ignored non-lowercase namespace: %s in %s
[11:31:12] [Client thread/WARN]: ResourcePack: ignored non-lowercase namespace: %s in %s
[11:31:12] [Client thread/WARN]: ResourcePack: ignored non-lowercase namespace: %s in %s
[11:31:12] [Client thread/WARN]: ResourcePack: ignored non-lowercase namespace: %s in %s
[11:31:12] [Client thread/WARN]: ResourcePack: ignored non-lowercase namespace: %s in %s
[11:31:12] [Client thread/WARN]: ResourcePack: ignored non-lowercase namespace: %s in %s
[11:31:12] [Client thread/WARN]: ResourcePack: ignored non-lowercase namespace: %s in %s
[11:31:12] [Client thread/WARN]: ResourcePack: ignored non-lowercase namespace: %s in %s
[11:31:12] [Client thread/WARN]: ResourcePack: ignored non-lowercase namespace: %s in %s
[11:31:12] [Client thread/WARN]: ResourcePack: ignored non-lowercase namespace: %s in %s
[11:31:12] [Sound Library Loader/INFO]: Sound engine started
[11:31:15] [Client thread/INFO]: Created: 1024x512 textures/blocks-atlas
[11:31:15] [Client thread/INFO]: Created: 256x256 textures/items-atlas
