[11:35:27] [main/INFO]: Setting user: selver
[11:35:28] [Client thread/INFO]: LWJGL Version: 2.9.1
[11:35:34] [Client thread/INFO]: Reloading ResourceManager: Default, FMLFileResourcePack:Forge Mod Loader, FMLFileResourcePack:Minecraft Forge, Default, FMLFileResourcePack:CraftGuide, FMLFileResourcePack:Health Bar, FMLFileResourcePack:Immibis Core, FMLFileResourcePack:IndustrialCraft 2, FMLFileResourcePack:Inventory Tweaks, FMLFileResourcePack:lmmx, FMLFileResourcePack:MMMLibX, FMLFileResourcePack:zabuton, FMLFileResourcePack:Moving World, FMLFileResourcePack:NGTLib, FMLFileResourcePack:Railcraft, FMLFileResourcePack:RealTrainMod, FMLFileResourcePack:WorldEdit, FMLFileResourcePack:Xaero's World Map, FMLFileResourcePack:VoxelMap No Radar, FMLFileResourcePack:BC Silicon, FMLFileResourcePack:BuildCraft, FMLFileResourcePack:BC Transport, FMLFileResourcePack:BC Builders, FMLFileResourcePack:BC Energy, FMLFileResourcePack:BC Factory
[11:35:34] [Client thread/WARN]: ResourcePack: ignored non-lowercase namespace: %s in %s
[11:35:34] [Client thread/WARN]: ResourcePack: ignored non-lowercase namespace: %s in %s
[11:35:34] [Client thread/WARN]: ResourcePack: ignored non-lowercase namespace: %s in %s
[11:35:34] [Client thread/WARN]: ResourcePack: ignored non-lowercase namespace: %s in %s
[11:35:34] [Client thread/WARN]: ResourcePack: ignored non-lowercase namespace: %s in %s
[11:35:34] [Client thread/WARN]: ResourcePack: ignored non-lowercase namespace: %s in %s
[11:35:34] [Client thread/WARN]: ResourcePack: ignored non-lowercase namespace: %s in %s
[11:35:34] [Client thread/WARN]: ResourcePack: ignored non-lowercase namespace: %s in %s
[11:35:34] [Client thread/WARN]: ResourcePack: ignored non-lowercase namespace: %s in %s
[11:35:34] [Client thread/WARN]: ResourcePack: ignored non-lowercase namespace: %s in %s
[11:35:34] [Client thread/WARN]: ResourcePack: ignored non-lowercase namespace: %s in %s
[11:35:34] [Client thread/WARN]: ResourcePack: ignored non-lowercase namespace: %s in %s
[11:35:34] [Client thread/WARN]: ResourcePack: ignored non-lowercase namespace: %s in %s
[11:35:34] [Client thread/WARN]: ResourcePack: ignored non-lowercase namespace: %s in %s
[11:35:34] [Client thread/WARN]: ResourcePack: ignored non-lowercase namespace: %s in %s
[11:35:34] [Client thread/WARN]: ResourcePack: ignored non-lowercase namespace: %s in %s
[11:35:34] [Client thread/WARN]: ResourcePack: ignored non-lowercase namespace: %s in %s
[11:35:34] [Client thread/WARN]: ResourcePack: ignored non-lowercase namespace: %s in %s
[11:35:34] [Client thread/WARN]: ResourcePack: ignored non-lowercase namespace: %s in %s
[11:35:34] [Client thread/WARN]: ResourcePack: ignored non-lowercase namespace: %s in %s
[11:35:34] [Client thread/WARN]: ResourcePack: ignored non-lowercase namespace: %s in %s
[11:35:34] [Client thread/WARN]: ResourcePack: ignored non-lowercase namespace: %s in %s
[11:35:34] [Client thread/WARN]: ResourcePack: ignored non-lowercase namespace: %s in %s
[11:35:34] [Client thread/WARN]: ResourcePack: ignored non-lowercase namespace: %s in %s
[11:35:34] [Client thread/WARN]: ResourcePack: ignored non-lowercase namespace: %s in %s
[11:35:34] [Client thread/WARN]: ResourcePack: ignored non-lowercase namespace: %s in %s
[11:35:34] [Client thread/WARN]: ResourcePack: ignored non-lowercase namespace: %s in %s
[11:35:34] [Client thread/WARN]: ResourcePack: ignored non-lowercase namespace: %s in %s
[11:35:34] [Client thread/WARN]: ResourcePack: ignored non-lowercase namespace: %s in %s
[11:35:34] [Client thread/WARN]: ResourcePack: ignored non-lowercase namespace: %s in %s
[11:35:34] [Client thread/WARN]: ResourcePack: ignored non-lowercase namespace: %s in %s
[11:35:34] [Client thread/WARN]: ResourcePack: ignored non-lowercase namespace: %s in %s
[11:35:34] [Client thread/WARN]: ResourcePack: ignored non-lowercase namespace: %s in %s
[11:35:34] [Client thread/WARN]: ResourcePack: ignored non-lowercase namespace: %s in %s
[11:35:34] [Client thread/WARN]: ResourcePack: ignored non-lowercase namespace: %s in %s
[11:35:34] [Client thread/WARN]: ResourcePack: ignored non-lowercase namespace: %s in %s
[11:35:34] [Client thread/WARN]: ResourcePack: ignored non-lowercase namespace: %s in %s
[11:35:34] [Client thread/WARN]: ResourcePack: ignored non-lowercase namespace: %s in %s
[11:35:34] [Client thread/WARN]: ResourcePack: ignored non-lowercase namespace: %s in %s
[11:35:34] [Client thread/WARN]: ResourcePack: ignored non-lowercase namespace: %s in %s
[11:35:34] [Client thread/WARN]: ResourcePack: ignored non-lowercase namespace: %s in %s
[11:35:34] [Client thread/WARN]: ResourcePack: ignored non-lowercase namespace: %s in %s
[11:35:34] [Client thread/WARN]: ResourcePack: ignored non-lowercase namespace: %s in %s
[11:35:34] [Client thread/WARN]: ResourcePack: ignored non-lowercase namespace: %s in %s
[11:35:34] [Client thread/WARN]: ResourcePack: ignored non-lowercase namespace: %s in %s
[11:35:34] [Client thread/WARN]: ResourcePack: ignored non-lowercase namespace: %s in %s
[11:35:34] [Client thread/WARN]: ResourcePack: ignored non-lowercase namespace: %s in %s
[11:35:34] [Client thread/WARN]: ResourcePack: ignored non-lowercase namespace: %s in %s
[11:35:34] [Client thread/WARN]: ResourcePack: ignored non-lowercase namespace: %s in %s
[11:35:34] [Client thread/WARN]: ResourcePack: ignored non-lowercase namespace: %s in %s
[11:35:34] [Client thread/WARN]: ResourcePack: ignored non-lowercase namespace: %s in %s
[11:35:34] [Client thread/WARN]: ResourcePack: ignored non-lowercase namespace: %s in %s
[11:35:34] [Client thread/WARN]: ResourcePack: ignored non-lowercase namespace: %s in %s
[11:35:34] [Client thread/WARN]: ResourcePack: ignored non-lowercase namespace: %s in %s
[11:35:34] [Client thread/WARN]: ResourcePack: ignored non-lowercase namespace: %s in %s
[11:35:34] [Client thread/WARN]: ResourcePack: ignored non-lowercase namespace: %s in %s
[11:35:34] [Client thread/WARN]: ResourcePack: ignored non-lowercase namespace: %s in %s
[11:35:34] [Client thread/WARN]: ResourcePack: ignored non-lowercase namespace: %s in %s
[11:35:34] [Client thread/WARN]: ResourcePack: ignored non-lowercase namespace: %s in %s
[11:35:34] [Client thread/WARN]: ResourcePack: ignored non-lowercase namespace: %s in %s
[11:35:34] [Client thread/WARN]: ResourcePack: ignored non-lowercase namespace: %s in %s
[11:35:34] [Client thread/WARN]: ResourcePack: ignored non-lowercase namespace: %s in %s
[11:35:34] [Client thread/WARN]: ResourcePack: ignored non-lowercase namespace: %s in %s
[11:35:34] [Client thread/WARN]: ResourcePack: ignored non-lowercase namespace: %s in %s
[11:35:34] [Client thread/WARN]: ResourcePack: ignored non-lowercase namespace: %s in %s
[11:35:34] [Client thread/WARN]: ResourcePack: ignored non-lowercase namespace: %s in %s
[11:35:34] [Client thread/WARN]: ResourcePack: ignored non-lowercase namespace: %s in %s
[11:35:34] [Client thread/WARN]: ResourcePack: ignored non-lowercase namespace: %s in %s
[11:35:34] [Client thread/WARN]: ResourcePack: ignored non-lowercase namespace: %s in %s
[11:35:34] [Client thread/WARN]: ResourcePack: ignored non-lowercase namespace: %s in %s
[11:35:34] [Client thread/WARN]: ResourcePack: ignored non-lowercase namespace: %s in %s
[11:35:34] [Client thread/WARN]: ResourcePack: ignored non-lowercase namespace: %s in %s
[11:35:34] [Client thread/WARN]: ResourcePack: ignored non-lowercase namespace: %s in %s
[11:35:34] [Client thread/WARN]: ResourcePack: ignored non-lowercase namespace: %s in %s
[11:35:34] [Client thread/WARN]: ResourcePack: ignored non-lowercase namespace: %s in %s
[11:35:34] [Client thread/WARN]: ResourcePack: ignored non-lowercase namespace: %s in %s
[11:35:34] [Client thread/WARN]: ResourcePack: ignored non-lowercase namespace: %s in %s
[11:35:34] [Client thread/WARN]: ResourcePack: ignored non-lowercase namespace: %s in %s
[11:35:34] [Client thread/WARN]: ResourcePack: ignored non-lowercase namespace: %s in %s
[11:35:34] [Client thread/WARN]: ResourcePack: ignored non-lowercase namespace: %s in %s
[11:35:34] [Client thread/WARN]: ResourcePack: ignored non-lowercase namespace: %s in %s
[11:35:34] [Client thread/WARN]: ResourcePack: ignored non-lowercase namespace: %s in %s
[11:35:34] [Client thread/WARN]: ResourcePack: ignored non-lowercase namespace: %s in %s
[11:35:34] [Client thread/WARN]: ResourcePack: ignored non-lowercase namespace: %s in %s
[11:35:34] [Client thread/WARN]: ResourcePack: ignored non-lowercase namespace: %s in %s
[11:35:34] [Client thread/WARN]: ResourcePack: ignored non-lowercase namespace: %s in %s
[11:35:34] [Client thread/WARN]: ResourcePack: ignored non-lowercase namespace: %s in %s
[11:35:34] [Client thread/WARN]: ResourcePack: ignored non-lowercase namespace: %s in %s
[11:35:34] [Client thread/WARN]: ResourcePack: ignored non-lowercase namespace: %s in %s
[11:35:34] [Client thread/WARN]: ResourcePack: ignored non-lowercase namespace: %s in %s
[11:35:34] [Client thread/WARN]: ResourcePack: ignored non-lowercase namespace: %s in %s
[11:35:34] [Client thread/WARN]: ResourcePack: ignored non-lowercase namespace: %s in %s
[11:35:34] [Client thread/WARN]: ResourcePack: ignored non-lowercase namespace: %s in %s
[11:35:34] [Client thread/WARN]: ResourcePack: ignored non-lowercase namespace: %s in %s
[11:35:34] [Client thread/WARN]: ResourcePack: ignored non-lowercase namespace: %s in %s
[11:35:34] [Client thread/WARN]: ResourcePack: ignored non-lowercase namespace: %s in %s
[11:35:34] [Client thread/WARN]: ResourcePack: ignored non-lowercase namespace: %s in %s
[11:35:34] [Client thread/WARN]: ResourcePack: ignored non-lowercase namespace: %s in %s
[11:35:34] [Client thread/WARN]: ResourcePack: ignored non-lowercase namespace: %s in %s
[11:35:34] [Client thread/WARN]: ResourcePack: ignored non-lowercase namespace: %s in %s
[11:35:34] [Client thread/WARN]: ResourcePack: ignored non-lowercase namespace: %s in %s
[11:35:34] [Client thread/WARN]: ResourcePack: ignored non-lowercase namespace: %s in %s
[11:35:34] [Client thread/WARN]: ResourcePack: ignored non-lowercase namespace: %s in %s
[11:35:34] [Client thread/WARN]: ResourcePack: ignored non-lowercase namespace: %s in %s
[11:35:34] [Client thread/WARN]: ResourcePack: ignored non-lowercase namespace: %s in %s
[11:35:34] [Client thread/WARN]: ResourcePack: ignored non-lowercase namespace: %s in %s
[11:35:34] [Client thread/WARN]: ResourcePack: ignored non-lowercase namespace: %s in %s
[11:35:34] [Client thread/WARN]: ResourcePack: ignored non-lowercase namespace: %s in %s
[11:35:34] [Client thread/WARN]: ResourcePack: ignored non-lowercase namespace: %s in %s
[11:35:34] [Client thread/WARN]: ResourcePack: ignored non-lowercase namespace: %s in %s
[11:35:34] [Client thread/WARN]: ResourcePack: ignored non-lowercase namespace: %s in %s
[11:35:34] [Client thread/WARN]: ResourcePack: ignored non-lowercase namespace: %s in %s
[11:35:34] [Client thread/WARN]: ResourcePack: ignored non-lowercase namespace: %s in %s
[11:35:34] [Client thread/WARN]: ResourcePack: ignored non-lowercase namespace: %s in %s
[11:35:34] [Client thread/WARN]: ResourcePack: ignored non-lowercase namespace: %s in %s
[11:35:34] [Client thread/WARN]: ResourcePack: ignored non-lowercase namespace: %s in %s
[11:35:34] [Client thread/WARN]: ResourcePack: ignored non-lowercase namespace: %s in %s
[11:35:34] [Client thread/WARN]: ResourcePack: ignored non-lowercase namespace: %s in %s
[11:35:34] [Client thread/WARN]: ResourcePack: ignored non-lowercase namespace: %s in %s
[11:35:34] [Client thread/WARN]: ResourcePack: ignored non-lowercase namespace: %s in %s
[11:35:34] [Client thread/WARN]: ResourcePack: ignored non-lowercase namespace: %s in %s
[11:35:34] [Client thread/WARN]: ResourcePack: ignored non-lowercase namespace: %s in %s
[11:35:34] [Client thread/WARN]: ResourcePack: ignored non-lowercase namespace: %s in %s
[11:35:34] [Client thread/WARN]: ResourcePack: ignored non-lowercase namespace: %s in %s
[11:35:34] [Client thread/WARN]: ResourcePack: ignored non-lowercase namespace: %s in %s
[11:35:34] [Client thread/WARN]: ResourcePack: ignored non-lowercase namespace: %s in %s
[11:35:34] [Client thread/WARN]: ResourcePack: ignored non-lowercase namespace: %s in %s
[11:35:34] [Client thread/WARN]: ResourcePack: ignored non-lowercase namespace: %s in %s
[11:35:34] [Client thread/WARN]: ResourcePack: ignored non-lowercase namespace: %s in %s
[11:35:34] [Client thread/WARN]: ResourcePack: ignored non-lowercase namespace: %s in %s
[11:35:34] [Client thread/WARN]: ResourcePack: ignored non-lowercase namespace: %s in %s
[11:35:34] [Client thread/WARN]: ResourcePack: ignored non-lowercase namespace: %s in %s
[11:35:34] [Client thread/WARN]: ResourcePack: ignored non-lowercase namespace: %s in %s
[11:35:34] [Client thread/WARN]: ResourcePack: ignored non-lowercase namespace: %s in %s
[11:35:34] [Client thread/WARN]: ResourcePack: ignored non-lowercase namespace: %s in %s
[11:35:41] [Sound Library Loader/INFO]: Sound engine started
[11:35:42] [Client thread/ERROR]: Using missing texture, unable to load missing_icon_block_478_rtm:textures/blocks/turnstile.png, java.io.FileNotFoundException
[11:35:42] [Client thread/ERROR]: Using missing texture, unable to load missing_icon_block_479_rtm:textures/blocks/point.png, java.io.FileNotFoundException
[11:35:42] [Client thread/ERROR]: Using missing texture, unable to load missing_icon_block_499_rtm:textures/blocks/converterBase.png, java.io.FileNotFoundException
[11:35:42] [Client thread/ERROR]: Using missing texture, unable to load missing_icon_block_507_rtm:textures/blocks/paint.png, java.io.FileNotFoundException
[11:35:42] [Client thread/ERROR]: Using missing texture, unable to load missing_icon_block_491_rtm:textures/blocks/pipe.png, java.io.FileNotFoundException
[11:35:42] [Client thread/ERROR]: Using missing texture, unable to load rtm:textures/blocks/connector.png, java.io.FileNotFoundException
[11:35:42] [Client thread/ERROR]: Using missing texture, unable to load missing_icon_block_483_rtm:textures/blocks/ticketVendor.png, java.io.FileNotFoundException
[11:35:42] [Client thread/ERROR]: Using missing texture, unable to load missing_icon_block_467_rtm:textures/blocks/fluorescent.png, java.io.FileNotFoundException
[11:35:42] [Client thread/ERROR]: Using missing texture, unable to load missing_icon_block_498_rtm:textures/blocks/converterCore.png, java.io.FileNotFoundException
[11:35:42] [Client thread/ERROR]: Using missing texture, unable to load missing_icon_block_481_rtm:textures/blocks/signboard.png, java.io.FileNotFoundException
[11:35:43] [Client thread/ERROR]: Using missing texture, unable to load missing_icon_block_471_rtm:textures/blocks/crossing.png, java.io.FileNotFoundException
[11:35:43] [Client thread/INFO]: Created: 1024x1024 textures/blocks-atlas
[11:35:47] [Client thread/ERROR]: Using missing texture, unable to load minecraft:textures/items/ngtlib.missing.png, java.io.FileNotFoundException
[11:35:47] [Client thread/INFO]: Created: 1024x512 textures/items-atlas
[11:35:52] [Client thread/INFO]: Reloading ResourceManager: Default, FMLFileResourcePack:Forge Mod Loader, FMLFileResourcePack:Minecraft Forge, Default, FMLFileResourcePack:CraftGuide, FMLFileResourcePack:Health Bar, FMLFileResourcePack:Immibis Core, FMLFileResourcePack:IndustrialCraft 2, FMLFileResourcePack:Inventory Tweaks, FMLFileResourcePack:lmmx, FMLFileResourcePack:MMMLibX, FMLFileResourcePack:zabuton, FMLFileResourcePack:Moving World, FMLFileResourcePack:NGTLib, FMLFileResourcePack:Railcraft, FMLFileResourcePack:RealTrainMod, FMLFileResourcePack:WorldEdit, FMLFileResourcePack:Xaero's World Map, FMLFileResourcePack:VoxelMap No Radar, FMLFileResourcePack:BC Silicon, FMLFileResourcePack:BuildCraft, FMLFileResourcePack:BC Transport, FMLFileResourcePack:BC Builders, FMLFileResourcePack:BC Energy, FMLFileResourcePack:BC Factory
[11:35:52] [Client thread/WARN]: ResourcePack: ignored non-lowercase namespace: %s in %s
[11:35:52] [Client thread/WARN]: ResourcePack: ignored non-lowercase namespace: %s in %s
[11:35:52] [Client thread/WARN]: ResourcePack: ignored non-lowercase namespace: %s in %s
[11:35:52] [Client thread/WARN]: ResourcePack: ignored non-lowercase namespace: %s in %s
[11:35:52] [Client thread/WARN]: ResourcePack: ignored non-lowercase namespace: %s in %s
[11:35:52] [Client thread/WARN]: ResourcePack: ignored non-lowercase namespace: %s in %s
[11:35:52] [Client thread/WARN]: ResourcePack: ignored non-lowercase namespace: %s in %s
[11:35:52] [Client thread/WARN]: ResourcePack: ignored non-lowercase namespace: %s in %s
[11:35:52] [Client thread/WARN]: ResourcePack: ignored non-lowercase namespace: %s in %s
[11:35:52] [Client thread/WARN]: ResourcePack: ignored non-lowercase namespace: %s in %s
[11:35:52] [Client thread/WARN]: ResourcePack: ignored non-lowercase namespace: %s in %s
[11:35:52] [Client thread/WARN]: ResourcePack: ignored non-lowercase namespace: %s in %s
[11:35:52] [Client thread/WARN]: ResourcePack: ignored non-lowercase namespace: %s in %s
[11:35:52] [Client thread/WARN]: ResourcePack: ignored non-lowercase namespace: %s in %s
[11:35:52] [Client thread/WARN]: ResourcePack: ignored non-lowercase namespace: %s in %s
[11:35:52] [Client thread/WARN]: ResourcePack: ignored non-lowercase namespace: %s in %s
[11:35:52] [Client thread/WARN]: ResourcePack: ignored non-lowercase namespace: %s in %s
[11:35:52] [Client thread/WARN]: ResourcePack: ignored non-lowercase namespace: %s in %s
[11:35:52] [Client thread/WARN]: ResourcePack: ignored non-lowercase namespace: %s in %s
[11:35:52] [Client thread/WARN]: ResourcePack: ignored non-lowercase namespace: %s in %s
[11:35:52] [Client thread/WARN]: ResourcePack: ignored non-lowercase namespace: %s in %s
[11:35:52] [Client thread/WARN]: ResourcePack: ignored non-lowercase namespace: %s in %s
[11:35:52] [Client thread/WARN]: ResourcePack: ignored non-lowercase namespace: %s in %s
[11:35:52] [Client thread/WARN]: ResourcePack: ignored non-lowercase namespace: %s in %s
[11:35:52] [Client thread/WARN]: ResourcePack: ignored non-lowercase namespace: %s in %s
[11:35:52] [Client thread/WARN]: ResourcePack: ignored non-lowercase namespace: %s in %s
[11:35:52] [Client thread/WARN]: ResourcePack: ignored non-lowercase namespace: %s in %s
[11:35:52] [Client thread/WARN]: ResourcePack: ignored non-lowercase namespace: %s in %s
[11:35:52] [Client thread/WARN]: ResourcePack: ignored non-lowercase namespace: %s in %s
[11:35:52] [Client thread/WARN]: ResourcePack: ignored non-lowercase namespace: %s in %s
[11:35:52] [Client thread/WARN]: ResourcePack: ignored non-lowercase namespace: %s in %s
[11:35:52] [Client thread/WARN]: ResourcePack: ignored non-lowercase namespace: %s in %s
[11:35:52] [Client thread/WARN]: ResourcePack: ignored non-lowercase namespace: %s in %s
[11:35:52] [Client thread/WARN]: ResourcePack: ignored non-lowercase namespace: %s in %s
[11:35:52] [Client thread/WARN]: ResourcePack: ignored non-lowercase namespace: %s in %s
[11:35:52] [Client thread/WARN]: ResourcePack: ignored non-lowercase namespace: %s in %s
[11:35:52] [Client thread/WARN]: ResourcePack: ignored non-lowercase namespace: %s in %s
[11:35:52] [Client thread/WARN]: ResourcePack: ignored non-lowercase namespace: %s in %s
[11:35:52] [Client thread/WARN]: ResourcePack: ignored non-lowercase namespace: %s in %s
[11:35:52] [Client thread/WARN]: ResourcePack: ignored non-lowercase namespace: %s in %s
[11:35:52] [Client thread/WARN]: ResourcePack: ignored non-lowercase namespace: %s in %s
[11:35:52] [Client thread/WARN]: ResourcePack: ignored non-lowercase namespace: %s in %s
[11:35:52] [Client thread/WARN]: ResourcePack: ignored non-lowercase namespace: %s in %s
[11:35:52] [Client thread/WARN]: ResourcePack: ignored non-lowercase namespace: %s in %s
[11:35:52] [Client thread/WARN]: ResourcePack: ignored non-lowercase namespace: %s in %s
[11:35:52] [Client thread/WARN]: ResourcePack: ignored non-lowercase namespace: %s in %s
[11:35:52] [Client thread/WARN]: ResourcePack: ignored non-lowercase namespace: %s in %s
[11:35:52] [Client thread/WARN]: ResourcePack: ignored non-lowercase namespace: %s in %s
[11:35:52] [Client thread/WARN]: ResourcePack: ignored non-lowercase namespace: %s in %s
[11:35:52] [Client thread/WARN]: ResourcePack: ignored non-lowercase namespace: %s in %s
[11:35:52] [Client thread/WARN]: ResourcePack: ignored non-lowercase namespace: %s in %s
[11:35:52] [Client thread/WARN]: ResourcePack: ignored non-lowercase namespace: %s in %s
[11:35:52] [Client thread/WARN]: ResourcePack: ignored non-lowercase namespace: %s in %s
[11:35:52] [Client thread/WARN]: ResourcePack: ignored non-lowercase namespace: %s in %s
[11:35:52] [Client thread/WARN]: ResourcePack: ignored non-lowercase namespace: %s in %s
[11:35:52] [Client thread/WARN]: ResourcePack: ignored non-lowercase namespace: %s in %s
[11:35:52] [Client thread/WARN]: ResourcePack: ignored non-lowercase namespace: %s in %s
[11:35:52] [Client thread/WARN]: ResourcePack: ignored non-lowercase namespace: %s in %s
[11:35:52] [Client thread/WARN]: ResourcePack: ignored non-lowercase namespace: %s in %s
[11:35:52] [Client thread/WARN]: ResourcePack: ignored non-lowercase namespace: %s in %s
[11:35:52] [Client thread/WARN]: ResourcePack: ignored non-lowercase namespace: %s in %s
[11:35:52] [Client thread/WARN]: ResourcePack: ignored non-lowercase namespace: %s in %s
[11:35:52] [Client thread/WARN]: ResourcePack: ignored non-lowercase namespace: %s in %s
[11:35:52] [Client thread/WARN]: ResourcePack: ignored non-lowercase namespace: %s in %s
[11:35:52] [Client thread/WARN]: ResourcePack: ignored non-lowercase namespace: %s in %s
[11:35:52] [Client thread/WARN]: ResourcePack: ignored non-lowercase namespace: %s in %s
[11:35:52] [Client thread/WARN]: ResourcePack: ignored non-lowercase namespace: %s in %s
[11:35:52] [Client thread/WARN]: ResourcePack: ignored non-lowercase namespace: %s in %s
[11:35:52] [Client thread/WARN]: ResourcePack: ignored non-lowercase namespace: %s in %s
[11:35:52] [Client thread/WARN]: ResourcePack: ignored non-lowercase namespace: %s in %s
[11:35:52] [Client thread/WARN]: ResourcePack: ignored non-lowercase namespace: %s in %s
[11:35:52] [Client thread/WARN]: ResourcePack: ignored non-lowercase namespace: %s in %s
[11:35:52] [Client thread/WARN]: ResourcePack: ignored non-lowercase namespace: %s in %s
[11:35:52] [Client thread/WARN]: ResourcePack: ignored non-lowercase namespace: %s in %s
[11:35:52] [Client thread/WARN]: ResourcePack: ignored non-lowercase namespace: %s in %s
[11:35:52] [Client thread/WARN]: ResourcePack: ignored non-lowercase namespace: %s in %s
[11:35:52] [Client thread/WARN]: ResourcePack: ignored non-lowercase namespace: %s in %s
[11:35:52] [Client thread/WARN]: ResourcePack: ignored non-lowercase namespace: %s in %s
[11:35:52] [Client thread/WARN]: ResourcePack: ignored non-lowercase namespace: %s in %s
[11:35:52] [Client thread/WARN]: ResourcePack: ignored non-lowercase namespace: %s in %s
[11:35:52] [Client thread/WARN]: ResourcePack: ignored non-lowercase namespace: %s in %s
[11:35:52] [Client thread/WARN]: ResourcePack: ignored non-lowercase namespace: %s in %s
[11:35:52] [Client thread/WARN]: ResourcePack: ignored non-lowercase namespace: %s in %s
[11:35:52] [Client thread/WARN]: ResourcePack: ignored non-lowercase namespace: %s in %s
[11:35:52] [Client thread/WARN]: ResourcePack: ignored non-lowercase namespace: %s in %s
[11:35:52] [Client thread/WARN]: ResourcePack: ignored non-lowercase namespace: %s in %s
[11:35:52] [Client thread/WARN]: ResourcePack: ignored non-lowercase namespace: %s in %s
[11:35:52] [Client thread/WARN]: ResourcePack: ignored non-lowercase namespace: %s in %s
[11:35:52] [Client thread/WARN]: ResourcePack: ignored non-lowercase namespace: %s in %s
[11:35:52] [Client thread/WARN]: ResourcePack: ignored non-lowercase namespace: %s in %s
[11:35:52] [Client thread/WARN]: ResourcePack: ignored non-lowercase namespace: %s in %s
[11:35:52] [Client thread/WARN]: ResourcePack: ignored non-lowercase namespace: %s in %s
[11:35:52] [Client thread/WARN]: ResourcePack: ignored non-lowercase namespace: %s in %s
[11:35:52] [Client thread/WARN]: ResourcePack: ignored non-lowercase namespace: %s in %s
[11:35:52] [Client thread/WARN]: ResourcePack: ignored non-lowercase namespace: %s in %s
[11:35:52] [Client thread/WARN]: ResourcePack: ignored non-lowercase namespace: %s in %s
[11:35:52] [Client thread/WARN]: ResourcePack: ignored non-lowercase namespace: %s in %s
[11:35:52] [Client thread/WARN]: ResourcePack: ignored non-lowercase namespace: %s in %s
[11:35:52] [Client thread/WARN]: ResourcePack: ignored non-lowercase namespace: %s in %s
[11:35:52] [Client thread/WARN]: ResourcePack: ignored non-lowercase namespace: %s in %s
[11:35:52] [Client thread/WARN]: ResourcePack: ignored non-lowercase namespace: %s in %s
[11:35:52] [Client thread/WARN]: ResourcePack: ignored non-lowercase namespace: %s in %s
[11:35:52] [Client thread/WARN]: ResourcePack: ignored non-lowercase namespace: %s in %s
[11:35:52] [Client thread/WARN]: ResourcePack: ignored non-lowercase namespace: %s in %s
[11:35:52] [Client thread/WARN]: ResourcePack: ignored non-lowercase namespace: %s in %s
[11:35:52] [Client thread/WARN]: ResourcePack: ignored non-lowercase namespace: %s in %s
[11:35:52] [Client thread/WARN]: ResourcePack: ignored non-lowercase namespace: %s in %s
[11:35:52] [Client thread/WARN]: ResourcePack: ignored non-lowercase namespace: %s in %s
[11:35:52] [Client thread/WARN]: ResourcePack: ignored non-lowercase namespace: %s in %s
[11:35:52] [Client thread/WARN]: ResourcePack: ignored non-lowercase namespace: %s in %s
[11:35:52] [Client thread/WARN]: ResourcePack: ignored non-lowercase namespace: %s in %s
[11:35:52] [Client thread/WARN]: ResourcePack: ignored non-lowercase namespace: %s in %s
[11:35:52] [Client thread/WARN]: ResourcePack: ignored non-lowercase namespace: %s in %s
[11:35:52] [Client thread/WARN]: ResourcePack: ignored non-lowercase namespace: %s in %s
[11:35:52] [Client thread/WARN]: ResourcePack: ignored non-lowercase namespace: %s in %s
[11:35:52] [Client thread/WARN]: ResourcePack: ignored non-lowercase namespace: %s in %s
[11:35:52] [Client thread/WARN]: ResourcePack: ignored non-lowercase namespace: %s in %s
[11:35:52] [Client thread/WARN]: ResourcePack: ignored non-lowercase namespace: %s in %s
[11:35:52] [Client thread/WARN]: ResourcePack: ignored non-lowercase namespace: %s in %s
[11:35:52] [Client thread/WARN]: ResourcePack: ignored non-lowercase namespace: %s in %s
[11:35:52] [Client thread/WARN]: ResourcePack: ignored non-lowercase namespace: %s in %s
[11:35:52] [Client thread/WARN]: ResourcePack: ignored non-lowercase namespace: %s in %s
[11:35:52] [Client thread/WARN]: ResourcePack: ignored non-lowercase namespace: %s in %s
[11:35:52] [Client thread/WARN]: ResourcePack: ignored non-lowercase namespace: %s in %s
[11:35:52] [Client thread/WARN]: ResourcePack: ignored non-lowercase namespace: %s in %s
[11:35:52] [Client thread/WARN]: ResourcePack: ignored non-lowercase namespace: %s in %s
[11:35:52] [Client thread/WARN]: ResourcePack: ignored non-lowercase namespace: %s in %s
[11:35:52] [Client thread/WARN]: ResourcePack: ignored non-lowercase namespace: %s in %s
[11:35:52] [Client thread/WARN]: ResourcePack: ignored non-lowercase namespace: %s in %s
[11:35:52] [Client thread/WARN]: ResourcePack: ignored non-lowercase namespace: %s in %s
[11:35:52] [Client thread/WARN]: ResourcePack: ignored non-lowercase namespace: %s in %s
[11:35:52] [Client thread/WARN]: ResourcePack: ignored non-lowercase namespace: %s in %s
[11:35:52] [Client thread/WARN]: ResourcePack: ignored non-lowercase namespace: %s in %s
[11:35:52] [Client thread/WARN]: ResourcePack: ignored non-lowercase namespace: %s in %s
[11:35:52] [Client thread/WARN]: ResourcePack: ignored non-lowercase namespace: %s in %s
[11:35:52] [Client thread/ERROR]: Using missing texture, unable to load missing_icon_block_478_rtm:textures/blocks/turnstile.png, java.io.FileNotFoundException
[11:35:52] [Client thread/ERROR]: Using missing texture, unable to load missing_icon_block_479_rtm:textures/blocks/point.png, java.io.FileNotFoundException
[11:35:52] [Client thread/ERROR]: Using missing texture, unable to load missing_icon_block_499_rtm:textures/blocks/converterBase.png, java.io.FileNotFoundException
[11:35:52] [Client thread/ERROR]: Using missing texture, unable to load missing_icon_block_507_rtm:textures/blocks/paint.png, java.io.FileNotFoundException
[11:35:52] [Client thread/ERROR]: Using missing texture, unable to load missing_icon_block_491_rtm:textures/blocks/pipe.png, java.io.FileNotFoundException
[11:35:52] [Client thread/ERROR]: Using missing texture, unable to load rtm:textures/blocks/connector.png, java.io.FileNotFoundException
[11:35:52] [Client thread/ERROR]: Using missing texture, unable to load missing_icon_block_483_rtm:textures/blocks/ticketVendor.png, java.io.FileNotFoundException
[11:35:52] [Client thread/ERROR]: Using missing texture, unable to load missing_icon_block_467_rtm:textures/blocks/fluorescent.png, java.io.FileNotFoundException
[11:35:53] [Client thread/ERROR]: Using missing texture, unable to load missing_icon_block_498_rtm:textures/blocks/converterCore.png, java.io.FileNotFoundException
[11:35:53] [Client thread/ERROR]: Using missing texture, unable to load missing_icon_block_481_rtm:textures/blocks/signboard.png, java.io.FileNotFoundException
[11:35:53] [Client thread/ERROR]: Using missing texture, unable to load missing_icon_block_471_rtm:textures/blocks/crossing.png, java.io.FileNotFoundException
[11:35:53] [Client thread/INFO]: Created: 1024x1024 textures/blocks-atlas
[11:35:56] [Client thread/ERROR]: Using missing texture, unable to load minecraft:textures/items/ngtlib.missing.png, java.io.FileNotFoundException
[11:35:56] [Client thread/ERROR]: Using missing texture, unable to load buildcraft:textures/items/triggers/action_machinecontrol_mode.png, java.io.FileNotFoundException
[11:35:56] [Client thread/INFO]: Created: 1024x512 textures/items-atlas
[11:35:57] [Sound Library Loader/INFO]: Sound engine started
[11:36:15] [Server thread/INFO]: Starting integrated minecraft server version 1.7.10
[11:36:15] [Server thread/INFO]: Generating keypair
[11:36:15] [Server thread/WARN]: Skipping Piece with id Forestry:BeeHouse
[11:36:15] [Server thread/WARN]: Skipping Piece with id bcadditions:powerplant
[11:36:16] [Server thread/INFO]: Preparing start region for level 0
[11:36:17] [Server thread/INFO]: Changing view distance to 6, from 10
[11:36:17] [Server thread/INFO]: selver[local:E:b1bafb0d] logged in with entity id 577 at (-822.6537147215184, 68.0, 714.5278704740549)
[11:36:17] [Server thread/INFO]: selver 加入了游戏
[11:36:19] [Texture Downloader #1/ERROR]: Couldn't download http texture
java.net.UnknownHostException: s.optifine.net
	at java.net.AbstractPlainSocketImpl.connect(Unknown Source) ~[?:1.8.0_321]
	at java.net.PlainSocketImpl.connect(Unknown Source) ~[?:1.8.0_321]
	at java.net.SocksSocketImpl.connect(Unknown Source) ~[?:1.8.0_321]
	at java.net.Socket.connect(Unknown Source) ~[?:1.8.0_321]
	at java.net.Socket.connect(Unknown Source) ~[?:1.8.0_321]
	at sun.net.NetworkClient.doConnect(Unknown Source) ~[?:1.8.0_321]
	at sun.net.www.http.HttpClient.openServer(Unknown Source) ~[?:1.8.0_321]
	at sun.net.www.http.HttpClient.openServer(Unknown Source) ~[?:1.8.0_321]
	at sun.net.www.http.HttpClient.<init>(Unknown Source) ~[?:1.8.0_321]
	at sun.net.www.http.HttpClient.New(Unknown Source) ~[?:1.8.0_321]
	at sun.net.www.http.HttpClient.New(Unknown Source) ~[?:1.8.0_321]
	at sun.net.www.protocol.http.HttpURLConnection.getNewHttpClient(Unknown Source) ~[?:1.8.0_321]
	at sun.net.www.protocol.http.HttpURLConnection.plainConnect0(Unknown Source) ~[?:1.8.0_321]
	at sun.net.www.protocol.http.HttpURLConnection$6.run(Unknown Source) ~[?:1.8.0_321]
	at sun.net.www.protocol.http.HttpURLConnection$6.run(Unknown Source) ~[?:1.8.0_321]
	at java.security.AccessController.doPrivileged(Native Method) ~[?:1.8.0_321]
	at java.security.AccessController.doPrivilegedWithCombiner(Unknown Source) ~[?:1.8.0_321]
	at sun.net.www.protocol.http.HttpURLConnection.plainConnect(Unknown Source) ~[?:1.8.0_321]
	at sun.net.www.protocol.http.HttpURLConnection.connect(Unknown Source) ~[?:1.8.0_321]
	at net.minecraft.client.renderer.ThreadDownloadImageData$1.run(SourceFile:109) [bps.class:?]
[11:36:19] [Client thread/INFO]: [CHAT] InvTweaks: 配置文件已载入
[11:36:19] [pool-2-thread-1/WARN]: Couldn't look up profile properties for com.mojang.authlib.GameProfile@37fd6e5[id=a1d1b163-e99c-3085-a574-02ab513294c5,name=selver,properties={},legacy=false]
com.mojang.authlib.exceptions.AuthenticationUnavailableException: Cannot contact authentication server
	at com.mojang.authlib.yggdrasil.YggdrasilAuthenticationService.makeRequest(YggdrasilAuthenticationService.java:71) ~[YggdrasilAuthenticationService.class:?]
	at com.mojang.authlib.yggdrasil.YggdrasilMinecraftSessionService.fillGameProfile(YggdrasilMinecraftSessionService.java:158) [YggdrasilMinecraftSessionService.class:?]
	at com.mojang.authlib.yggdrasil.YggdrasilMinecraftSessionService$1.load(YggdrasilMinecraftSessionService.java:53) [YggdrasilMinecraftSessionService$1.class:?]
	at com.mojang.authlib.yggdrasil.YggdrasilMinecraftSessionService$1.load(YggdrasilMinecraftSessionService.java:50) [YggdrasilMinecraftSessionService$1.class:?]
	at com.google.common.cache.LocalCache$LoadingValueReference.loadFuture(LocalCache.java:3524) [guava-16.0.jar:?]
	at com.google.common.cache.LocalCache$Segment.loadSync(LocalCache.java:2317) [guava-16.0.jar:?]
	at com.google.common.cache.LocalCache$Segment.lockedGetOrLoad(LocalCache.java:2280) [guava-16.0.jar:?]
	at com.google.common.cache.LocalCache$Segment.get(LocalCache.java:2195) [guava-16.0.jar:?]
	at com.google.common.cache.LocalCache.get(LocalCache.java:3934) [guava-16.0.jar:?]
	at com.google.common.cache.LocalCache.getOrLoad(LocalCache.java:3938) [guava-16.0.jar:?]
	at com.google.common.cache.LocalCache$LocalLoadingCache.get(LocalCache.java:4821) [guava-16.0.jar:?]
	at com.google.common.cache.LocalCache$LocalLoadingCache.getUnchecked(LocalCache.java:4827) [guava-16.0.jar:?]
	at com.mojang.authlib.yggdrasil.YggdrasilMinecraftSessionService.fillProfileProperties(YggdrasilMinecraftSessionService.java:148) [YggdrasilMinecraftSessionService.class:?]
	at net.minecraft.client.resources.SkinManager$3.run(SourceFile:106) [brm.class:?]
	at java.util.concurrent.Executors$RunnableAdapter.call(Unknown Source) [?:1.8.0_321]
	at java.util.concurrent.FutureTask.run(Unknown Source) [?:1.8.0_321]
	at java.util.concurrent.ThreadPoolExecutor.runWorker(Unknown Source) [?:1.8.0_321]
	at java.util.concurrent.ThreadPoolExecutor$Worker.run(Unknown Source) [?:1.8.0_321]
	at java.lang.Thread.run(Unknown Source) [?:1.8.0_321]
Caused by: java.net.UnknownHostException: sessionserver.mojang.com
	at java.net.AbstractPlainSocketImpl.connect(Unknown Source) ~[?:1.8.0_321]
	at java.net.PlainSocketImpl.connect(Unknown Source) ~[?:1.8.0_321]
	at java.net.SocksSocketImpl.connect(Unknown Source) ~[?:1.8.0_321]
	at java.net.Socket.connect(Unknown Source) ~[?:1.8.0_321]
	at sun.security.ssl.SSLSocketImpl.connect(Unknown Source) ~[?:1.8.0_321]
	at sun.net.NetworkClient.doConnect(Unknown Source) ~[?:1.8.0_321]
	at sun.net.www.http.HttpClient.openServer(Unknown Source) ~[?:1.8.0_321]
	at sun.net.www.http.HttpClient.openServer(Unknown Source) ~[?:1.8.0_321]
	at sun.net.www.protocol.https.HttpsClient.<init>(Unknown Source) ~[?:1.8.0_321]
	at sun.net.www.protocol.https.HttpsClient.New(Unknown Source) ~[?:1.8.0_321]
	at sun.net.www.protocol.https.AbstractDelegateHttpsURLConnection.getNewHttpClient(Unknown Source) ~[?:1.8.0_321]
	at sun.net.www.protocol.http.HttpURLConnection.plainConnect0(Unknown Source) ~[?:1.8.0_321]
	at sun.net.www.protocol.http.HttpURLConnection$6.run(Unknown Source) ~[?:1.8.0_321]
	at sun.net.www.protocol.http.HttpURLConnection$6.run(Unknown Source) ~[?:1.8.0_321]
	at java.security.AccessController.doPrivileged(Native Method) ~[?:1.8.0_321]
	at java.security.AccessController.doPrivilegedWithCombiner(Unknown Source) ~[?:1.8.0_321]
	at sun.net.www.protocol.http.HttpURLConnection.plainConnect(Unknown Source) ~[?:1.8.0_321]
	at sun.net.www.protocol.https.AbstractDelegateHttpsURLConnection.connect(Unknown Source) ~[?:1.8.0_321]
	at sun.net.www.protocol.http.HttpURLConnection.getInputStream0(Unknown Source) ~[?:1.8.0_321]
	at sun.net.www.protocol.http.HttpURLConnection.access$200(Unknown Source) ~[?:1.8.0_321]
	at sun.net.www.protocol.http.HttpURLConnection$9.run(Unknown Source) ~[?:1.8.0_321]
	at sun.net.www.protocol.http.HttpURLConnection$9.run(Unknown Source) ~[?:1.8.0_321]
	at java.security.AccessController.doPrivileged(Native Method) ~[?:1.8.0_321]
	at java.security.AccessController.doPrivilegedWithCombiner(Unknown Source) ~[?:1.8.0_321]
	at sun.net.www.protocol.http.HttpURLConnection.getInputStream(Unknown Source) ~[?:1.8.0_321]
	at sun.net.www.protocol.https.HttpsURLConnectionImpl.getInputStream(Unknown Source) ~[?:1.8.0_321]
	at com.mojang.authlib.HttpAuthenticationService.performGetRequest(HttpAuthenticationService.java:126) ~[HttpAuthenticationService.class:?]
	at com.mojang.authlib.yggdrasil.YggdrasilAuthenticationService.makeRequest(YggdrasilAuthenticationService.java:54) ~[YggdrasilAuthenticationService.class:?]
	... 18 more
[11:36:20] [Server thread/WARN]: Can't keep up! Did the system time change, or is the server overloaded? Running 3018ms behind, skipping 60 tick(s)
[11:36:37] [Client thread/INFO]: [CHAT] 电量: 5000.00c | 电流: 0.00c/t | 损耗: 0.00c/t
[11:37:05] [Server thread/WARN]: Can't keep up! Did the system time change, or is the server overloaded? Running 2496ms behind, skipping 49 tick(s)
[11:37:51] [Server thread/WARN]: Can't keep up! Did the system time change, or is the server overloaded? Running 2203ms behind, skipping 44 tick(s)
[11:37:52] [Server thread/INFO]: [@] SA-SP  IN    @Detector SA
[11:37:52] [Client thread/INFO]: [CHAT] [@] SA-SP  IN    @Detector SA
[11:37:55] [Server thread/INFO]: [@] SA-SP  IN    @Detector SA
[11:37:55] [Client thread/INFO]: [CHAT] [@] SA-SP  IN    @Detector SA
[11:38:08] [Client thread/INFO]: [CHAT] 电量: 9246.62c | 电流: 0.00c/t | 损耗: 0.05c/t
[11:38:09] [Client thread/INFO]: [CHAT] 电量: 9238.87c | 电流: 0.00c/t | 损耗: 0.05c/t
[11:38:09] [Client thread/INFO]: [CHAT] 电量: 9226.22c | 电流: 0.00c/t | 损耗: 0.05c/t
[11:38:09] [Client thread/INFO]: [CHAT] 电量: 9201.49c | 电流: 0.00c/t | 损耗: 0.05c/t
[11:38:09] [Client thread/INFO]: [CHAT] 电量: 9193.27c | 电流: 0.00c/t | 损耗: 0.05c/t
[11:38:12] [Server thread/INFO]: Saving and pausing game...
[11:38:12] [Server thread/INFO]: Saving chunks for level '233'/Overworld
[11:38:12] [Server thread/INFO]: Saving chunks for level '233'/Nether
[11:38:12] [Server thread/INFO]: Saving chunks for level '233'/The End
[11:39:25] [Server thread/WARN]: Can't keep up! Did the system time change, or is the server overloaded? Running 2332ms behind, skipping 46 tick(s)
[11:39:47] [Server thread/INFO]: [@] SA-SP  OUT  @Detector SP
[11:39:47] [Client thread/INFO]: [CHAT] [@] SA-SP  OUT  @Detector SP
[11:40:11] [Server thread/WARN]: Can't keep up! Did the system time change, or is the server overloaded? Running 2644ms behind, skipping 52 tick(s)
[11:40:27] [Client thread/INFO]: [CHAT] 链接已开始
[11:40:27] [Client thread/INFO]: [CHAT] 链接已损坏
[11:40:43] [Server thread/INFO]: Saving and pausing game...
[11:40:43] [Server thread/INFO]: Saving chunks for level '233'/Overworld
[11:40:43] [Server thread/INFO]: Saving chunks for level '233'/Nether
[11:40:43] [Server thread/INFO]: Saving chunks for level '233'/The End
[11:41:23] [Client thread/INFO]: [CHAT] 链接已开始
[11:41:23] [Client thread/INFO]: [CHAT] 链接已失败
[11:41:25] [Client thread/INFO]: [CHAT] 链接已开始
[11:41:25] [Client thread/INFO]: [CHAT] 链接已损坏
[11:41:41] [Server thread/WARN]: Can't keep up! Did the system time change, or is the server overloaded? Running 2214ms behind, skipping 44 tick(s)
[11:42:26] [Server thread/WARN]: Can't keep up! Did the system time change, or is the server overloaded? Running 2145ms behind, skipping 42 tick(s)
[11:42:49] [Client thread/INFO]: [CHAT] 电量: 5000.00c | 电流: 0.00c/t | 损耗: 0.00c/t
[11:42:57] [Client thread/INFO]: [CHAT] 链接已开始
[11:42:58] [Client thread/INFO]: [CHAT] 链接已创建
[11:43:00] [Client thread/INFO]: [CHAT] 电量: 5000.00c | 电流: 0.00c/t | 损耗: 0.00c/t
[11:43:12] [Server thread/WARN]: Can't keep up! Did the system time change, or is the server overloaded? Running 2326ms behind, skipping 46 tick(s)
[11:43:17] [Client thread/INFO]: [CHAT] 链接已开始
[11:43:18] [Client thread/INFO]: [CHAT] 链接已损坏
[11:43:23] [Client thread/INFO]: [CHAT] 链接已开始
[11:43:24] [Client thread/INFO]: [CHAT] 链接已创建
[11:43:28] [Client thread/INFO]: [CHAT] 电量: 5000.00c | 电流: 0.00c/t | 损耗: 0.00c/t
[11:43:41] [Client thread/INFO]: [CHAT] 电量: 4960.00c | 电流: 4.90c/t | 损耗: 0.00c/t
[11:43:47] [Client thread/INFO]: [CHAT] 电量: 5000.00c | 电流: 0.00c/t | 损耗: 0.00c/t
[11:43:58] [Client thread/INFO]: [CHAT] 链接已开始
[11:43:58] [Server thread/WARN]: Can't keep up! Did the system time change, or is the server overloaded? Running 3352ms behind, skipping 67 tick(s)
[11:43:59] [Client thread/INFO]: [CHAT] 链接已损坏
[11:44:00] [Client thread/INFO]: [CHAT] 电量: 5000.00c | 电流: 0.31c/t | 损耗: 0.00c/t
[11:44:45] [Server thread/WARN]: Can't keep up! Did the system time change, or is the server overloaded? Running 3685ms behind, skipping 73 tick(s)
[11:45:30] [Server thread/WARN]: Can't keep up! Did the system time change, or is the server overloaded? Running 2102ms behind, skipping 42 tick(s)
[11:45:44] [Client thread/INFO]: [CHAT] 链接已开始
[11:45:45] [Client thread/INFO]: [CHAT] 链接已失败
[11:45:46] [Client thread/INFO]: [CHAT] 链接已开始
[11:45:46] [Client thread/INFO]: [CHAT] 链接已失败
[11:45:49] [Client thread/INFO]: [CHAT] 链接已开始
[11:45:50] [Client thread/INFO]: [CHAT] 链接已创建
[11:45:51] [Client thread/INFO]: [CHAT] 链接已开始
[11:45:53] [Client thread/INFO]: [CHAT] 链接已创建
[11:45:54] [Client thread/INFO]: [CHAT] 电量: 4960.00c | 电流: 5.36c/t | 损耗: 0.00c/t
[11:46:16] [Server thread/WARN]: Can't keep up! Did the system time change, or is the server overloaded? Running 2989ms behind, skipping 59 tick(s)
[11:47:02] [Server thread/WARN]: Can't keep up! Did the system time change, or is the server overloaded? Running 2990ms behind, skipping 59 tick(s)
[11:47:02] [Client thread/INFO]: [CHAT] 链接已开始
[11:47:04] [Client thread/INFO]: [CHAT] 链接已创建
[11:47:48] [Server thread/WARN]: Can't keep up! Did the system time change, or is the server overloaded? Running 3243ms behind, skipping 64 tick(s)
[11:48:01] [Server thread/INFO]: Saving and pausing game...
[11:48:01] [Server thread/INFO]: Saving chunks for level '233'/Overworld
[11:48:01] [Server thread/INFO]: Saving chunks for level '233'/Nether
[11:48:01] [Server thread/INFO]: Saving chunks for level '233'/The End
[11:48:06] [Client thread/WARN]: Unable to play unknown soundEvent: lmmx:moan
[11:48:06] [Client thread/WARN]: Unable to play unknown soundEvent: lmmx:moan
[11:48:14] [Client thread/WARN]: Unable to play unknown soundEvent: lmmx:moan
[11:48:14] [Client thread/WARN]: Unable to play unknown soundEvent: lmmx:moan
[11:48:22] [Client thread/WARN]: Unable to play unknown soundEvent: lmmx:moan
[11:48:23] [Client thread/WARN]: Unable to play unknown soundEvent: lmmx:moan
[11:48:31] [Client thread/WARN]: Unable to play unknown soundEvent: lmmx:moan
[11:48:31] [Client thread/WARN]: Unable to play unknown soundEvent: lmmx:moan
[11:48:32] [Server thread/INFO]: Saving and pausing game...
[11:48:32] [Server thread/INFO]: Saving chunks for level '233'/Overworld
[11:48:32] [Server thread/INFO]: Saving chunks for level '233'/Nether
[11:48:32] [Server thread/INFO]: Saving chunks for level '233'/The End
[11:48:40] [Client thread/WARN]: Unable to play unknown soundEvent: lmmx:moan
[11:48:40] [Client thread/WARN]: Unable to play unknown soundEvent: lmmx:moan
[11:48:47] [Client thread/WARN]: Unable to play unknown soundEvent: lmmx:moan
[11:48:47] [Client thread/WARN]: Unable to play unknown soundEvent: lmmx:moan
[11:48:54] [Client thread/WARN]: Unable to play unknown soundEvent: lmmx:moan
[11:48:56] [Client thread/WARN]: Unable to play unknown soundEvent: lmmx:moan
[11:49:04] [Client thread/WARN]: Unable to play unknown soundEvent: lmmx:moan
[11:49:04] [Client thread/WARN]: Unable to play unknown soundEvent: lmmx:moan
[11:49:11] [Client thread/WARN]: Unable to play unknown soundEvent: lmmx:moan
[11:49:12] [Client thread/WARN]: Unable to play unknown soundEvent: lmmx:moan
[11:49:18] [Client thread/WARN]: Unable to play unknown soundEvent: lmmx:moan
[11:49:20] [Client thread/WARN]: Unable to play unknown soundEvent: lmmx:moan
[11:49:25] [Client thread/WARN]: Unable to play unknown soundEvent: lmmx:moan
[11:49:28] [Client thread/WARN]: Unable to play unknown soundEvent: lmmx:moan
[11:49:34] [Client thread/WARN]: Unable to play unknown soundEvent: lmmx:moan
[11:49:36] [Client thread/WARN]: Unable to play unknown soundEvent: lmmx:moan
[11:49:43] [Client thread/WARN]: Unable to play unknown soundEvent: lmmx:moan
[11:49:45] [Client thread/WARN]: Unable to play unknown soundEvent: lmmx:moan
[11:49:52] [Client thread/WARN]: Unable to play unknown soundEvent: lmmx:moan
[11:49:53] [Client thread/WARN]: Unable to play unknown soundEvent: lmmx:moan
[11:49:53] [Server thread/INFO]: Saving and pausing game...
[11:49:53] [Server thread/INFO]: Saving chunks for level '233'/Overworld
[11:49:53] [Server thread/INFO]: Saving chunks for level '233'/Nether
[11:49:53] [Server thread/INFO]: Saving chunks for level '233'/The End
[11:50:01] [Server thread/INFO]: Saving and pausing game...
[11:50:01] [Server thread/INFO]: Saving chunks for level '233'/Overworld
[11:50:01] [Server thread/INFO]: Saving chunks for level '233'/Nether
[11:50:01] [Server thread/INFO]: Saving chunks for level '233'/The End
[11:51:03] [Server thread/WARN]: Can't keep up! Did the system time change, or is the server overloaded? Running 3408ms behind, skipping 68 tick(s)
[11:51:19] [Server thread/INFO]: Saving and pausing game...
[11:51:19] [Server thread/INFO]: Saving chunks for level '233'/Overworld
[11:51:19] [Server thread/INFO]: Saving chunks for level '233'/Nether
[11:51:19] [Server thread/INFO]: Saving chunks for level '233'/The End
[11:51:21] [Server thread/INFO]: Saving and pausing game...
[11:51:21] [Server thread/INFO]: Saving chunks for level '233'/Overworld
[11:51:21] [Server thread/INFO]: Saving chunks for level '233'/Nether
[11:51:21] [Server thread/INFO]: Saving chunks for level '233'/The End
[11:51:43] [Client thread/INFO]: [CHAT] 电量: 5000.00c | 电流: 0.00c/t | 损耗: 0.00c/t
[11:52:40] [Server thread/WARN]: Can't keep up! Did the system time change, or is the server overloaded? Running 2556ms behind, skipping 51 tick(s)
[11:52:45] [Client thread/INFO]: [CHAT] 链接已开始
[11:52:46] [Client thread/INFO]: [CHAT] 链接已创建
[11:53:25] [Server thread/WARN]: Can't keep up! Did the system time change, or is the server overloaded? Running 2318ms behind, skipping 46 tick(s)
[11:54:02] [Client thread/INFO]: [CHAT] 链接已开始
[11:54:02] [Client thread/INFO]: [CHAT] 链接已创建
[11:54:11] [Server thread/WARN]: Can't keep up! Did the system time change, or is the server overloaded? Running 2493ms behind, skipping 49 tick(s)
[11:54:56] [Server thread/WARN]: Can't keep up! Did the system time change, or is the server overloaded? Running 2782ms behind, skipping 55 tick(s)
[11:55:41] [Server thread/WARN]: Can't keep up! Did the system time change, or is the server overloaded? Running 2398ms behind, skipping 47 tick(s)
[11:56:28] [Server thread/WARN]: Can't keep up! Did the system time change, or is the server overloaded? Running 3274ms behind, skipping 65 tick(s)
[11:57:13] [Server thread/WARN]: Can't keep up! Did the system time change, or is the server overloaded? Running 2292ms behind, skipping 45 tick(s)
[11:57:59] [Server thread/WARN]: Can't keep up! Did the system time change, or is the server overloaded? Running 2817ms behind, skipping 56 tick(s)
[11:58:30] [Server thread/INFO]: Saving and pausing game...
[11:58:30] [Server thread/INFO]: Saving chunks for level '233'/Overworld
[11:58:30] [Server thread/INFO]: Saving chunks for level '233'/Nether
[11:58:30] [Server thread/INFO]: Saving chunks for level '233'/The End
[11:58:37] [Server thread/WARN]: Can't keep up! Did the system time change, or is the server overloaded? Running 2311ms behind, skipping 46 tick(s)
[11:58:48] [Server thread/INFO]: Saving and pausing game...
[11:58:48] [Server thread/INFO]: Saving chunks for level '233'/Overworld
[11:58:48] [Server thread/INFO]: Saving chunks for level '233'/Nether
[11:58:48] [Server thread/INFO]: Saving chunks for level '233'/The End
[11:58:53] [Client thread/WARN]: Unable to play unknown soundEvent: lmmx:moan
[11:58:54] [Client thread/WARN]: Unable to play unknown soundEvent: lmmx:moan
[11:58:54] [Client thread/WARN]: Unable to play unknown soundEvent: lmmx:moan
[11:58:55] [Client thread/WARN]: Unable to play unknown soundEvent: lmmx:moan
[11:59:01] [Client thread/WARN]: Unable to play unknown soundEvent: lmmx:moan
[11:59:02] [Client thread/WARN]: Unable to play unknown soundEvent: lmmx:moan
[11:59:02] [Client thread/WARN]: Unable to play unknown soundEvent: lmmx:moan
[11:59:02] [Client thread/WARN]: Unable to play unknown soundEvent: lmmx:moan
[11:59:08] [Client thread/WARN]: Unable to play unknown soundEvent: lmmx:moan
[11:59:09] [Client thread/WARN]: Unable to play unknown soundEvent: lmmx:moan
[11:59:11] [Client thread/WARN]: Unable to play unknown soundEvent: lmmx:moan
[11:59:12] [Client thread/WARN]: Unable to play unknown soundEvent: lmmx:moan
[11:59:16] [Client thread/WARN]: Unable to play unknown soundEvent: lmmx:moan
[11:59:16] [Client thread/WARN]: Unable to play unknown soundEvent: lmmx:moan
[11:59:18] [Client thread/WARN]: Unable to play unknown soundEvent: lmmx:moan
[11:59:19] [Server thread/INFO]: Saving and pausing game...
[11:59:19] [Server thread/INFO]: Saving chunks for level '233'/Overworld
[11:59:19] [Server thread/INFO]: Saving chunks for level '233'/Nether
[11:59:19] [Server thread/INFO]: Saving chunks for level '233'/The End
[11:59:28] [Client thread/WARN]: Unable to play unknown soundEvent: lmmx:moan
[12:00:30] [Server thread/WARN]: Can't keep up! Did the system time change, or is the server overloaded? Running 2329ms behind, skipping 46 tick(s)
[12:00:53] [Server thread/INFO]: Saving and pausing game...
[12:00:53] [Server thread/INFO]: Saving chunks for level '233'/Overworld
[12:00:53] [Server thread/INFO]: Saving chunks for level '233'/Nether
[12:00:53] [Server thread/INFO]: Saving chunks for level '233'/The End
[12:02:11] [Server thread/WARN]: Can't keep up! Did the system time change, or is the server overloaded? Running 2225ms behind, skipping 44 tick(s)
[12:02:46] [Server thread/INFO]: Saving and pausing game...
[12:02:46] [Server thread/INFO]: Saving chunks for level '233'/Overworld
[12:02:46] [Server thread/INFO]: Saving chunks for level '233'/Nether
[12:02:46] [Server thread/INFO]: Saving chunks for level '233'/The End
[12:02:51] [Server thread/WARN]: Can't keep up! Did the system time change, or is the server overloaded? Running 2390ms behind, skipping 47 tick(s)
[12:03:03] [Server thread/INFO]: [@] 下行列车 Delta 通过
[12:03:03] [Client thread/INFO]: [CHAT] [@] 下行列车 Delta 通过
[12:03:43] [Server thread/INFO]: Saving and pausing game...
[12:03:43] [Server thread/INFO]: Saving chunks for level '233'/Overworld
[12:03:43] [Server thread/INFO]: Saving chunks for level '233'/Nether
[12:03:43] [Server thread/INFO]: Saving chunks for level '233'/The End
[12:03:53] [Server thread/INFO]: Saving and pausing game...
[12:03:53] [Server thread/INFO]: Saving chunks for level '233'/Overworld
[12:03:53] [Server thread/INFO]: Saving chunks for level '233'/Nether
[12:03:53] [Server thread/INFO]: Saving chunks for level '233'/The End
[12:03:59] [Client thread/WARN]: Unable to play unknown soundEvent: lmmx:moan
[12:03:59] [Client thread/WARN]: Unable to play unknown soundEvent: lmmx:moan
[12:04:07] [Client thread/WARN]: Unable to play unknown soundEvent: lmmx:moan
[12:04:08] [Client thread/WARN]: Unable to play unknown soundEvent: lmmx:moan
[12:04:15] [Client thread/WARN]: Unable to play unknown soundEvent: lmmx:moan
[12:04:17] [Client thread/WARN]: Unable to play unknown soundEvent: lmmx:moan
[12:04:24] [Client thread/WARN]: Unable to play unknown soundEvent: lmmx:moan
[12:04:25] [Client thread/WARN]: Unable to play unknown soundEvent: lmmx:moan
[12:04:30] [Client thread/WARN]: Unable to play unknown soundEvent: lmmx:moan
[12:04:33] [Client thread/WARN]: Unable to play unknown soundEvent: lmmx:moan
[12:04:38] [Client thread/WARN]: Unable to play unknown soundEvent: lmmx:moan
[12:04:41] [Client thread/WARN]: Unable to play unknown soundEvent: lmmx:moan
[12:04:49] [Client thread/WARN]: Unable to play unknown soundEvent: lmmx:moan
[12:04:49] [Client thread/WARN]: Unable to play unknown soundEvent: lmmx:moan
[12:04:57] [Client thread/WARN]: Unable to play unknown soundEvent: lmmx:moan
[12:04:57] [Client thread/WARN]: Unable to play unknown soundEvent: lmmx:moan
[12:05:04] [Client thread/WARN]: Unable to play unknown soundEvent: lmmx:moan
[12:05:05] [Client thread/WARN]: Unable to play unknown soundEvent: lmmx:moan
[12:05:11] [Client thread/WARN]: Unable to play unknown soundEvent: lmmx:moan
[12:05:13] [Client thread/WARN]: Unable to play unknown soundEvent: lmmx:moan
[12:05:20] [Client thread/WARN]: Unable to play unknown soundEvent: lmmx:moan
[12:05:20] [Client thread/WARN]: Unable to play unknown soundEvent: lmmx:moan
[12:05:21] [Server thread/WARN]: Can't keep up! Did the system time change, or is the server overloaded? Running 2193ms behind, skipping 43 tick(s)
[12:05:26] [Client thread/WARN]: Unable to play unknown soundEvent: lmmx:moan
[12:05:30] [Client thread/WARN]: Unable to play unknown soundEvent: lmmx:moan
[12:05:35] [Server thread/INFO]: [@] 上行列车 Mine 通过
[12:05:35] [Client thread/INFO]: [CHAT] [@] 上行列车 Mine 通过
[12:05:36] [Client thread/WARN]: Unable to play unknown soundEvent: lmmx:moan
[12:05:38] [Client thread/WARN]: Unable to play unknown soundEvent: lmmx:moan
[12:05:43] [Client thread/WARN]: Unable to play unknown soundEvent: lmmx:moan
[12:05:46] [Client thread/WARN]: Unable to play unknown soundEvent: lmmx:moan
[12:05:50] [Client thread/WARN]: Unable to play unknown soundEvent: lmmx:moan
[12:05:57] [Client thread/WARN]: Unable to play unknown soundEvent: lmmx:moan
[12:05:59] [Client thread/WARN]: Unable to play unknown soundEvent: lmmx:moan
[12:06:04] [Client thread/WARN]: Unable to play unknown soundEvent: lmmx:moan
[12:06:06] [Server thread/WARN]: Can't keep up! Did the system time change, or is the server overloaded? Running 2580ms behind, skipping 51 tick(s)
[12:06:08] [Client thread/WARN]: Unable to play unknown soundEvent: lmmx:moan
[12:06:12] [Client thread/WARN]: Unable to play unknown soundEvent: lmmx:moan
[12:06:17] [Client thread/WARN]: Unable to play unknown soundEvent: lmmx:moan
[12:06:19] [Client thread/WARN]: Unable to play unknown soundEvent: lmmx:moan
[12:06:21] [Server thread/INFO]: Saving and pausing game...
[12:06:21] [Server thread/INFO]: Saving chunks for level '233'/Overworld
[12:06:21] [Server thread/INFO]: Saving chunks for level '233'/Nether
[12:06:21] [Server thread/INFO]: Saving chunks for level '233'/The End
[12:06:22] [Server thread/INFO]: Stopping server
[12:06:22] [Server thread/INFO]: Saving players
[12:06:22] [Server thread/INFO]: Saving worlds
[12:06:22] [Server thread/INFO]: Saving chunks for level '233'/Overworld
[12:06:22] [Server thread/INFO]: Saving chunks for level '233'/Nether
[12:06:22] [Server thread/INFO]: Saving chunks for level '233'/The End
[12:06:25] [Client thread/INFO]: Stopping!
